1CV8LOG_
d0f8baec-ef7e-4281-a717-a859b7b34f99

{20181208080333,N,
{0,0},1,1,1,1,1,I,"",0,
{"U"},""},
{20181208080915,N,
{0,0},1,1,1,1,2,I,"",0,
{"U"},""},
{20181208081042,N,
{0,0},1,1,1,1,2,I,"",0,
{"U"},""},
{20181208081043,N,
{0,0},1,1,1,1,3,I,"",0,
{"U"},""},
{20181208081329,N,
{0,0},1,1,1,1,1,I,"",0,
{"U"},""},
{20181208081347,N,
{0,0},1,1,1,1,2,I,"",0,
{"U"},""},
{20181208082205,N,
{0,0},1,1,1,1,2,I,"",0,
{"U"},""},
{20181208083245,N,
{0,0},1,1,1,1,2,I,"",0,
{"U"},""},
{20181208083823,N,
{0,0},1,1,1,1,2,I,"",0,
{"U"},""},
{20181208083832,N,
{0,0},1,1,1,1,2,I,"",0,
{"U"},""},
{20181208083845,N,
{0,0},1,1,1,1,2,I,"",0,
{"U"},""},
{20181208083959,N,
{0,0},1,1,1,1,2,I,"",0,
{"U"},""},
{20181208084005,N,
{0,0},1,1,1,1,4,I,"Новый объект: Справочник.Должности
Новый объект: Справочник.Сотрудники
Новый объект: Документ.ПриёмНаРаботу",0,
{"U"},""},
{20181208084007,N,
{0,0},1,1,2,2,1,I,"",0,
{"U"},""},
{20181208084022,C,
{2432a377fa160,41a},1,1,2,2,5,I,"",0,
{"U"},""},
{20181208084022,U,
{2432a377fa160,41a},1,1,2,2,6,I,"",1,
{"R",1:9a5794b86ded43b411e8faabc0f8c3de},"Бухгалтер"},
{20181208084022,C,
{2432a377fa160,41a},1,1,2,2,7,I,"",0,
{"U"},""},
{20181208084028,C,
{2432a37808bc0,524},1,1,2,2,5,I,"",0,
{"U"},""},
{20181208084028,U,
{2432a37808bc0,524},1,1,2,2,6,I,"",1,
{"R",1:9a5794b86ded43b411e8faabc0f8c3df},"Программист"},
{20181208084028,C,
{2432a37808bc0,524},1,1,2,2,7,I,"",0,
{"U"},""},
{20181208084035,C,
{2432a37819d30,632},1,1,2,2,5,I,"",0,
{"U"},""},
{20181208084035,U,
{2432a37819d30,632},1,1,2,2,6,I,"",1,
{"R",1:9a5794b86ded43b411e8faabc0f8c3e0},"Сисадмин"},
{20181208084035,C,
{2432a37819d30,632},1,1,2,2,7,I,"",0,
{"U"},""},
{20181208084105,C,
{2432a37863110,73a},1,1,2,2,5,I,"",0,
{"U"},""},
{20181208084105,U,
{2432a37863110,73a},1,1,2,2,6,I,"",2,
{"R",2:9a5794b86ded43b411e8faabc0f8c3e1},"Иванов Иван Иванович"},
{20181208084105,C,
{2432a37863110,73a},1,1,2,2,7,I,"",0,
{"U"},""},
{20181208084143,C,
{2432a378bfd70,858},1,1,2,2,5,I,"",0,
{"U"},""},
{20181208084143,U,
{2432a378bfd70,858},1,1,2,2,6,I,"",3,
{"R",3:9a5794b86ded43b411e8faabc0f8c3e2},"Приём на работу 000000001 от 08.12.2018 8:41:43"},
{20181208084143,U,
{2432a378bfd70,858},1,1,2,2,8,I,"",3,
{"R",3:9a5794b86ded43b411e8faabc0f8c3e2},"Приём на работу 000000001 от 08.12.2018 8:41:43"},
{20181208084143,C,
{2432a378bfd70,858},1,1,2,2,7,I,"",0,
{"U"},""},
{20181208084202,N,
{0,0},1,1,2,2,3,I,"",0,
{"U"},""},
{20181208084254,N,
{0,0},1,1,2,3,1,I,"",0,
{"U"},""},
{20181208084303,N,
{0,0},1,1,2,3,3,I,"",0,
{"U"},""},
{20181208084510,N,
{0,0},1,1,1,1,2,I,"",0,
{"U"},""},
{20181208084514,N,
{0,0},1,1,1,1,4,I,"Объект изменен: Документ.ПриёмНаРаботу",0,
{"U"},""},
{20181208084515,N,
{0,0},1,1,2,4,1,I,"",0,
{"U"},""},
{20181208084523,C,
{2432a37ad8f30,bd4},1,1,2,4,5,I,"",0,
{"U"},""},
{20181208084523,U,
{2432a37ad8f30,bd4},1,1,2,4,6,I,"",3,
{"R",3:9a5794b86ded43b411e8faac73e7fc24},"Приём на работу 000000002 от 08.12.2018 8:45:23"},
{20181208084523,U,
{2432a37ad8f30,bd4},1,1,2,4,8,I,"",3,
{"R",3:9a5794b86ded43b411e8faac73e7fc24},"Приём на работу 000000002 от 08.12.2018 8:45:23"},
{20181208084523,C,
{2432a37ad8f30,bd4},1,1,2,4,7,I,"",0,
{"U"},""},
{20181208084524,N,
{0,0},1,1,2,4,3,I,"",0,
{"U"},""},
{20181208084608,N,
{0,0},1,1,1,1,2,I,"",0,
{"U"},""},
{20181208084931,N,
{0,0},1,1,1,1,3,I,"",0,
{"U"},""},
{20181217134536,N,
{0,0},1,1,1,1,1,I,"",0,
{"U"},""},
{20181217134925,N,
{0,0},1,1,2,2,1,I,"",0,
{"U"},""},
{20181217135026,C,
{2432c1212b820,ecf},1,1,2,2,5,I,"",0,
{"U"},""},
{20181217135026,U,
{2432c1212b820,ecf},1,1,2,2,6,I,"",3,
{"R",3:9a5a94b86ded43b411e901e98f5bea31},"Приём на работу 000000003 от 17.12.2018 13:50:26"},
{20181217135026,U,
{2432c1212b820,ecf},1,1,2,2,8,I,"",3,
{"R",3:9a5a94b86ded43b411e901e98f5bea31},"Приём на работу 000000003 от 17.12.2018 13:50:26"},
{20181217135026,C,
{2432c1212b820,ecf},1,1,2,2,7,I,"",0,
{"U"},""},
{20181217135035,N,
{0,0},1,1,1,1,3,I,"",0,
{"U"},""},
{20181217135039,N,
{0,0},1,1,2,2,3,I,"",0,
{"U"},""},
{20181217135047,N,
{0,0},1,1,2,1,1,I,"",0,
{"U"},""},
{20181217135050,N,
{0,0},1,1,2,1,3,I,"",0,
{"U"},""},
{20181217135058,N,
{0,0},1,1,1,1,1,I,"",0,
{"U"},""},
{20181217140016,N,
{0,0},1,1,1,1,2,I,"",0,
{"U"},""},
{20181217140607,N,
{0,0},1,1,1,1,2,I,"",0,
{"U"},""},
{20181217140645,N,
{0,0},1,1,1,1,2,I,"",0,
{"U"},""},
{20181217140715,N,
{0,0},1,1,1,1,2,I,"",0,
{"U"},""},
{20181217140728,N,
{0,0},1,1,1,1,4,I,"",0,
{"U"},""},
{20181217140729,N,
{0,0},1,1,2,2,1,I,"",0,
{"U"},""},
{20181217140809,C,
{2432c12b4eb90,1322},1,1,2,2,5,I,"",0,
{"U"},""},
{20181217140809,U,
{2432c12b4eb90,1322},1,1,2,2,9,I,"",3,
{"R",3:9a5794b86ded43b411e8faac73e7fc24},"Приём на работу 000000002 от 08.12.2018 8:45:23"},
{20181217140809,U,
{2432c12b4eb90,1322},1,1,2,2,8,I,"",3,
{"R",3:9a5794b86ded43b411e8faac73e7fc24},"Приём на работу 000000002 от 08.12.2018 8:45:23"},
{20181217140809,C,
{2432c12b4eb90,1322},1,1,2,2,7,I,"",0,
{"U"},""},
{20181217140837,N,
{0,0},1,1,2,2,3,I,"",0,
{"U"},""},
{20181217140838,N,
{0,0},1,1,1,1,2,I,"",0,
{"U"},""},
{20181217140924,N,
{0,0},1,1,2,3,1,I,"",0,
{"U"},""},
{20181217141024,C,
{2432c12c98500,15af},1,1,2,3,5,I,"",0,
{"U"},""},
{20181217141024,U,
{2432c12c98500,15af},1,1,2,3,6,I,"",3,
{"R",3:9a5a94b86ded43b411e901ec5950d08b},"Приём на работу 000000004 от 17.12.2018 14:10:24"},
{20181217141024,U,
{2432c12c98500,15af},1,1,2,3,8,I,"",3,
{"R",3:9a5a94b86ded43b411e901ec5950d08b},"Приём на работу 000000004 от 17.12.2018 14:10:24"},
{20181217141024,C,
{2432c12c98500,15af},1,1,2,3,7,I,"",0,
{"U"},""},
{20181217141114,C,
{2432c12d12620,1793},1,1,2,3,5,I,"",0,
{"U"},""},
{20181217141114,U,
{2432c12d12620,1793},1,1,2,3,9,I,"",3,
{"R",3:9a5a94b86ded43b411e901ec5950d08b},"Приём на работу 000000004 от 17.12.2018 14:10:24"},
{20181217141114,U,
{2432c12d12620,1793},1,1,2,3,10,I,"",3,
{"R",3:9a5a94b86ded43b411e901ec5950d08b},"Приём на работу 000000004 от 17.12.2018 14:10:24"},
{20181217141114,C,
{2432c12d12620,1793},1,1,2,3,7,I,"",0,
{"U"},""},
{20181217141118,C,
{2432c12d1c260,1978},1,1,2,3,5,I,"",0,
{"U"},""},
{20181217141118,U,
{2432c12d1c260,1978},1,1,2,3,9,I,"",3,
{"R",3:9a5a94b86ded43b411e901e98f5bea31},"Приём на работу 000000003 от 17.12.2018 13:50:26"},
{20181217141118,U,
{2432c12d1c260,1978},1,1,2,3,10,I,"",3,
{"R",3:9a5a94b86ded43b411e901e98f5bea31},"Приём на работу 000000003 от 17.12.2018 13:50:26"},
{20181217141118,C,
{2432c12d1c260,1978},1,1,2,3,7,I,"",0,
{"U"},""},
{20181217141123,C,
{2432c12d285b0,1b5d},1,1,2,3,5,I,"",0,
{"U"},""},
{20181217141123,U,
{2432c12d285b0,1b5d},1,1,2,3,9,I,"",3,
{"R",3:9a5794b86ded43b411e8faac73e7fc24},"Приём на работу 000000002 от 08.12.2018 8:45:23"},
{20181217141123,U,
{2432c12d285b0,1b5d},1,1,2,3,10,I,"",3,
{"R",3:9a5794b86ded43b411e8faac73e7fc24},"Приём на работу 000000002 от 08.12.2018 8:45:23"},
{20181217141123,C,
{2432c12d285b0,1b5d},1,1,2,3,7,I,"",0,
{"U"},""},
{20181217141132,C,
{2432c12d3e540,1d40},1,1,2,3,5,I,"",0,
{"U"},""},
{20181217141132,U,
{2432c12d3e540,1d40},1,1,2,3,11,I,"",3,
{"R",3:9a5794b86ded43b411e8faac73e7fc24},"Приём на работу 000000002 от 08.12.2018 8:45:23"},
{20181217141132,C,
{2432c12d3e540,1d40},1,1,2,3,7,I,"",0,
{"U"},""},
{20181217141135,C,
{2432c12d45a70,1e7a},1,1,2,3,5,I,"",0,
{"U"},""},
{20181217141135,U,
{2432c12d45a70,1e7a},1,1,2,3,11,I,"",3,
{"R",3:9a5a94b86ded43b411e901e98f5bea31},"Приём на работу 000000003 от 17.12.2018 13:50:26"},
{20181217141135,C,
{2432c12d45a70,1e7a},1,1,2,3,7,I,"",0,
{"U"},""},
{20181217141137,C,
{2432c12d4a890,1fb5},1,1,2,3,5,I,"",0,
{"U"},""},
{20181217141137,U,
{2432c12d4a890,1fb5},1,1,2,3,11,I,"",3,
{"R",3:9a5a94b86ded43b411e901ec5950d08b},"Приём на работу 000000004 от 17.12.2018 14:10:24"},
{20181217141137,C,
{2432c12d4a890,1fb5},1,1,2,3,7,I,"",0,
{"U"},""},
{20181217141148,C,
{2432c12d65640,20f0},1,1,2,3,5,I,"",0,
{"U"},""},
{20181217141148,U,
{2432c12d65640,20f0},1,1,2,3,11,I,"",3,
{"R",3:9a5794b86ded43b411e8faabc0f8c3e2},"Приём на работу 000000001 от 08.12.2018 8:41:43"},
{20181217141148,C,
{2432c12d65640,20f0},1,1,2,3,7,I,"",0,
{"U"},""},
{20181217141222,C,
{2432c12db8660,222a},1,1,2,3,5,I,"",0,
{"U"},""},
{20181217141222,U,
{2432c12db8660,222a},1,1,2,3,6,I,"",3,
{"R",3:9a5a94b86ded43b411e901ec5950d08c},"Приём на работу 000000002 от 17.12.2018 14:12:22"},
{20181217141222,U,
{2432c12db8660,222a},1,1,2,3,8,I,"",3,
{"R",3:9a5a94b86ded43b411e901ec5950d08c},"Приём на работу 000000002 от 17.12.2018 14:12:22"},
{20181217141222,C,
{2432c12db8660,222a},1,1,2,3,7,I,"",0,
{"U"},""},
{20181217141229,C,
{2432c12dc97d0,240e},1,1,2,3,5,I,"",0,
{"U"},""},
{20181217141229,U,
{2432c12dc97d0,240e},1,1,2,3,9,I,"",3,
{"R",3:9a5a94b86ded43b411e901ec5950d08c},"Приём на работу 000000002 от 17.12.2018 14:12:29"},
{20181217141229,U,
{2432c12dc97d0,240e},1,1,2,3,8,I,"",3,
{"R",3:9a5a94b86ded43b411e901ec5950d08c},"Приём на работу 000000002 от 17.12.2018 14:12:29"},
{20181217141229,C,
{2432c12dc97d0,240e},1,1,2,3,7,I,"",0,
{"U"},""},
{20181217141407,N,
{0,0},1,1,2,3,3,I,"",0,
{"U"},""},
{20181217141637,N,
{0,0},1,1,1,1,2,I,"",0,
{"U"},""},
{20181217141738,N,
{0,0},1,1,1,1,4,I,"",0,
{"U"},""},
{20181217141739,N,
{0,0},1,1,2,4,1,I,"",0,
{"U"},""},
{20181217141836,C,
{2432c131497c0,26d6},1,1,2,4,5,I,"",0,
{"U"},""},
{20181217141836,U,
{2432c131497c0,26d6},1,1,2,4,9,I,"",3,
{"R",3:9a5a94b86ded43b411e901ec5950d08c},"Приём на работу 000000002 от 17.12.2018 14:12:29"},
{20181217141836,U,
{2432c131497c0,26d6},1,1,2,4,8,I,"",3,
{"R",3:9a5a94b86ded43b411e901ec5950d08c},"Приём на работу 000000002 от 17.12.2018 14:12:29"},
{20181217141836,C,
{2432c131497c0,26d6},1,1,2,4,7,I,"",0,
{"U"},""},
{20181217141847,C,
{2432c13164570,28ba},1,1,2,4,5,I,"",0,
{"U"},""},
{20181217141847,U,
{2432c13164570,28ba},1,1,2,4,9,I,"",3,
{"R",3:9a5a94b86ded43b411e901ec5950d08c},"Приём на работу 000000002 от 17.12.2018 14:18:47"},
{20181217141847,U,
{2432c13164570,28ba},1,1,2,4,8,I,"",3,
{"R",3:9a5a94b86ded43b411e901ec5950d08c},"Приём на работу 000000002 от 17.12.2018 14:18:47"},
{20181217141847,C,
{2432c13164570,28ba},1,1,2,4,7,I,"",0,
{"U"},""},
{20181217141856,N,
{0,0},1,1,2,4,3,I,"",0,
{"U"},""},
{20181217142020,N,
{0,0},1,1,1,1,2,I,"",0,
{"U"},""},
{20181217142326,N,
{0,0},1,1,1,1,2,I,"",0,
{"U"},""},
{20181217142352,N,
{0,0},1,1,1,1,2,I,"",0,
{"U"},""},
{20181217142354,N,
{0,0},1,1,1,1,2,I,"",0,
{"U"},""},
{20181217142414,N,
{0,0},1,1,1,1,4,I,"Объект изменен: Справочник.Сотрудники",0,
{"U"},""},
{20181217142414,N,
{0,0},1,1,2,5,1,I,"",0,
{"U"},""},
{20181217142447,C,
{2432c134d33f0,2c73},1,1,2,5,5,I,"",0,
{"U"},""},
{20181217142447,U,
{2432c134d33f0,2c73},1,1,2,5,9,I,"",3,
{"R",3:9a5a94b86ded43b411e901ec5950d08c},"Приём на работу 000000002 от 17.12.2018 14:24:47"},
{20181217142447,U,
{2432c134d33f0,2c73},1,1,2,5,8,I,"",3,
{"R",3:9a5a94b86ded43b411e901ec5950d08c},"Приём на работу 000000002 от 17.12.2018 14:24:47"},
{20181217142447,C,
{2432c134d33f0,2c73},1,1,2,5,7,I,"",0,
{"U"},""},
{20181217142516,N,
{0,0},1,1,2,5,3,I,"",0,
{"U"},""},
{20181217142551,N,
{0,0},1,1,1,1,2,I,"",0,
{"U"},""},
{20181217143544,N,
{0,0},1,1,1,1,2,I,"",0,
{"U"},""},
{20181217143602,N,
{0,0},1,1,1,1,4,I,"Объект изменен: Справочник.Сотрудники",0,
{"U"},""},
{20181217143603,N,
{0,0},1,1,2,6,1,I,"",0,
{"U"},""},
{20181217143700,C,
{2432c13bd0cc0,2fba},1,1,2,6,5,I,"",0,
{"U"},""},
{20181217143700,U,
{2432c13bd0cc0,2fba},1,1,2,6,6,I,"",3,
{"R",3:9a5a94b86ded43b411e901f010dcac20},"Приём на работу 000000003 от 17.12.2018 14:37:00"},
{20181217143700,U,
{2432c13bd0cc0,2fba},1,1,2,6,8,I,"",3,
{"R",3:9a5a94b86ded43b411e901f010dcac20},"Приём на работу 000000003 от 17.12.2018 14:37:00"},
{20181217143700,C,
{2432c13bd0cc0,2fba},1,1,2,6,7,I,"",0,
{"U"},""},
{20181217143741,N,
{0,0},1,1,2,6,3,I,"",0,
{"U"},""},
{20181217144940,N,
{0,0},1,1,1,1,2,I,"",0,
{"U"},""},
{20181217144945,N,
{0,0},1,1,1,1,4,I,"",0,
{"U"},""},
{20181217144945,N,
{0,0},1,1,2,7,1,I,"",0,
{"U"},""},
{20181217145017,C,
{2432c1436a990,3282},1,1,2,7,5,I,"",0,
{"U"},""},
{20181217145017,U,
{2432c1436a990,3282},1,1,2,7,9,I,"",3,
{"R",3:9a5a94b86ded43b411e901ec5950d08c},"Приём на работу 000000002 от 17.12.2018 14:50:17"},
{20181217145017,U,
{2432c1436a990,3282},1,1,2,7,8,I,"",3,
{"R",3:9a5a94b86ded43b411e901ec5950d08c},"Приём на работу 000000002 от 17.12.2018 14:50:17"},
{20181217145017,C,
{2432c1436a990,3282},1,1,2,7,7,I,"",0,
{"U"},""},
{20181217145021,C,
{2432c143745d0,3466},1,1,2,7,5,I,"",0,
{"U"},""},
{20181217145021,U,
{2432c143745d0,3466},1,1,2,7,9,I,"",3,
{"R",3:9a5a94b86ded43b411e901ec5950d08c},"Приём на работу 000000002 от 17.12.2018 14:50:21"},
{20181217145021,U,
{2432c143745d0,3466},1,1,2,7,8,I,"",3,
{"R",3:9a5a94b86ded43b411e901ec5950d08c},"Приём на работу 000000002 от 17.12.2018 14:50:21"},
{20181217145021,C,
{2432c143745d0,3466},1,1,2,7,7,I,"",0,
{"U"},""},
{20181217150000,C,
{2432c148f9f00,364a},1,1,2,7,5,I,"",0,
{"U"},""},
{20181217150000,U,
{2432c148f9f00,364a},1,1,2,7,6,I,"",2,
{"R",2:9a5a94b86ded43b411e901f3475dc39a},"Иванов Иван Иванович"},
{20181217150000,C,
{2432c148f9f00,364a},1,1,2,7,7,I,"",0,
{"U"},""},
{20181217150005,C,
{2432c14906250,376b},1,1,2,7,5,I,"",0,
{"U"},""},
{20181217150005,U,
{2432c14906250,376b},1,1,2,7,11,I,"",2,
{"R",2:9a5a94b86ded43b411e901f3475dc39a},"Иванов Иван Иванович"},
{20181217150005,C,
{2432c14906250,376b},1,1,2,7,7,I,"",0,
{"U"},""},
{20181217150041,C,
{2432c1495e090,388d},1,1,2,7,5,I,"",0,
{"U"},""},
{20181217150041,U,
{2432c1495e090,388d},1,1,2,7,6,I,"",2,
{"R",2:9a5a94b86ded43b411e901f3475dc39b},"Петро Александр Иванов"},
{20181217150041,C,
{2432c1495e090,388d},1,1,2,7,7,I,"",0,
{"U"},""},
{20181217150042,C,
{2432c149607a0,39b2},1,1,2,7,5,I,"",0,
{"U"},""},
{20181217150042,U,
{2432c149607a0,39b2},1,1,2,7,9,I,"",2,
{"R",2:9a5a94b86ded43b411e901f3475dc39b},"Петро Александр Иванов"},
{20181217150042,C,
{2432c149607a0,39b2},1,1,2,7,7,I,"",0,
{"U"},""},
{20181217150053,C,
{2432c1497b550,3ad7},1,1,2,7,5,I,"",0,
{"U"},""},
{20181217150053,U,
{2432c1497b550,3ad7},1,1,2,7,11,I,"",3,
{"R",3:9a5a94b86ded43b411e901ec5950d08c},"Приём на работу 000000002 от 17.12.2018 14:50:21"},
{20181217150053,C,
{2432c1497b550,3ad7},1,1,2,7,7,I,"",0,
{"U"},""},
{20181217150055,C,
{2432c14980370,3c12},1,1,2,7,5,I,"",0,
{"U"},""},
{20181217150055,U,
{2432c14980370,3c12},1,1,2,7,11,I,"",3,
{"R",3:9a5a94b86ded43b411e901f010dcac20},"Приём на работу 000000003 от 17.12.2018 14:37:00"},
{20181217150055,C,
{2432c14980370,3c12},1,1,2,7,7,I,"",0,
{"U"},""},
{20181217150215,C,
{2432c14a43870,3d4d},1,1,2,7,5,I,"",0,
{"U"},""},
{20181217150215,U,
{2432c14a43870,3d4d},1,1,2,7,6,I,"",3,
{"R",3:9a5a94b86ded43b411e901f3475dc39c},"Приём на работу 000000004 от 17.12.2018 15:02:15"},
{20181217150215,U,
{2432c14a43870,3d4d},1,1,2,7,8,I,"",3,
{"R",3:9a5a94b86ded43b411e901f3475dc39c},"Приём на работу 000000004 от 17.12.2018 15:02:15"},
{20181217150215,C,
{2432c14a43870,3d4d},1,1,2,7,7,I,"",0,
{"U"},""},
{20181217150355,N,
{0,0},1,1,1,1,2,I,"",0,
{"U"},""},
{20181217150358,N,
{0,0},1,1,2,7,3,I,"",0,
{"U"},""},
{20181217150459,N,
{0,0},1,1,1,1,2,I,"",0,
{"U"},""},
{20181217150505,N,
{0,0},1,1,1,1,4,I,"",0,
{"U"},""},
{20181217150506,N,
{0,0},1,1,2,8,1,I,"",0,
{"U"},""},
{20181217150520,C,
{2432c14c07300,404e},1,1,2,8,5,I,"",0,
{"U"},""},
{20181217150520,U,
{2432c14c07300,404e},1,1,2,8,9,I,"",3,
{"R",3:9a5a94b86ded43b411e901f3475dc39c},"Приём на работу 000000004 от 17.12.2018 15:05:20"},
{20181217150520,U,
{2432c14c07300,404e},1,1,2,8,8,I,"",3,
{"R",3:9a5a94b86ded43b411e901f3475dc39c},"Приём на работу 000000004 от 17.12.2018 15:05:20"},
{20181217150520,C,
{2432c14c07300,404e},1,1,2,8,7,I,"",0,
{"U"},""},
{20181217150615,C,
{2432c14c8d770,4232},1,1,2,8,5,I,"",0,
{"U"},""},
{20181217150615,U,
{2432c14c8d770,4232},1,1,2,8,9,I,"",3,
{"R",3:9a5a94b86ded43b411e901f3475dc39c},"Приём на работу 000000004 от 17.12.2018 15:06:15"},
{20181217150615,U,
{2432c14c8d770,4232},1,1,2,8,8,I,"",3,
{"R",3:9a5a94b86ded43b411e901f3475dc39c},"Приём на работу 000000004 от 17.12.2018 15:06:15"},
{20181217150615,C,
{2432c14c8d770,4232},1,1,2,8,7,I,"",0,
{"U"},""},
{20181217150626,N,
{0,0},1,1,2,8,3,I,"",0,
{"U"},""},
{20181217150829,N,
{0,0},1,1,1,1,2,I,"",0,
{"U"},""},
{20181217150835,N,
{0,0},1,1,1,1,4,I,"",0,
{"U"},""},
{20181217150836,N,
{0,0},1,1,2,9,1,I,"",0,
{"U"},""},
{20181217150852,C,
{2432c14e0cc40,44fa},1,1,2,9,5,I,"",0,
{"U"},""},
{20181217150852,U,
{2432c14e0cc40,44fa},1,1,2,9,9,I,"",3,
{"R",3:9a5a94b86ded43b411e901f3475dc39c},"Приём на работу 000000004 от 17.12.2018 15:06:15"},
{20181217150852,U,
{2432c14e0cc40,44fa},1,1,2,9,8,I,"",3,
{"R",3:9a5a94b86ded43b411e901f3475dc39c},"Приём на работу 000000004 от 17.12.2018 15:06:15"},
{20181217150852,C,
{2432c14e0cc40,44fa},1,1,2,9,7,I,"",0,
{"U"},""},
{20181217150904,C,
{2432c14e2a100,46de},1,1,2,9,5,I,"",0,
{"U"},""},
{20181217150904,U,
{2432c14e2a100,46de},1,1,2,9,9,I,"",3,
{"R",3:9a5a94b86ded43b411e901f3475dc39c},"Приём на работу 000000004 от 17.12.2018 15:09:04"},
{20181217150904,U,
{2432c14e2a100,46de},1,1,2,9,8,I,"",3,
{"R",3:9a5a94b86ded43b411e901f3475dc39c},"Приём на работу 000000004 от 17.12.2018 15:09:04"},
{20181217150904,C,
{2432c14e2a100,46de},1,1,2,9,7,I,"",0,
{"U"},""},
{20181217150940,N,
{0,0},1,1,1,1,2,I,"",0,
{"U"},""},
{20181217150950,N,
{0,0},1,1,2,9,3,I,"",0,
{"U"},""},
{20181217150954,N,
{0,0},1,1,1,1,4,I,"",0,
{"U"},""},
{20181217150955,N,
{0,0},1,1,2,10,1,I,"",0,
{"U"},""},
{20181217151004,N,
{0,0},1,1,2,10,12,E,"{Документ.ПриёмНаРаботу.Форма.ПриёмНаРаботу(2,8)}: Ожидается символ '('",0,
{"U"},""},
{20181217151009,N,
{0,0},1,1,2,10,3,I,"",0,
{"U"},""},
{20181217151024,N,
{0,0},1,1,1,1,2,I,"",0,
{"U"},""},
{20181217151024,N,
{0,0},1,1,1,1,4,I,"",0,
{"U"},""},
{20181217151025,N,
{0,0},1,1,2,11,1,I,"",0,
{"U"},""},
{20181217151112,N,
{0,0},1,1,2,11,3,I,"",0,
{"U"},""},
{20181217151114,N,
{0,0},1,1,1,1,2,I,"",0,
{"U"},""},
{20181217151122,N,
{0,0},1,1,1,1,2,I,"",0,
{"U"},""},
{20181217151137,N,
{0,0},1,1,1,1,3,I,"",0,
{"U"},""},
{20181218210843,N,
{0,0},1,1,1,1,1,I,"",0,
{"U"},""},
{20181218210948,N,
{0,0},1,1,1,1,3,I,"",0,
{"U"},""},
{20181221090444,N,
{0,0},1,1,1,1,1,I,"",0,
{"U"},""},
{20181221090702,N,
{0,0},1,1,1,1,2,I,"",0,
{"U"},""},
{20181221090737,N,
{0,0},1,1,1,1,2,I,"",0,
{"U"},""},
{20181221090746,N,
{0,0},1,1,1,1,4,I,"",0,
{"U"},""},
{20181221090747,N,
{0,0},1,1,2,2,1,I,"",0,
{"U"},""},
{20181221090758,C,
{2432cd5f708e0,4db9},1,1,2,2,5,I,"",0,
{"U"},""},
{20181221090758,U,
{2432cd5f708e0,4db9},1,1,2,2,6,I,"",2,
{"R",2:9a5a94b86ded43b411e904e6c36ca4b5},"Хлебонасущенский Полиемфт Харламович"},
{20181221090758,C,
{2432cd5f708e0,4db9},1,1,2,2,7,I,"",0,
{"U"},""},
{20181221090846,N,
{0,0},1,1,2,2,3,I,"",0,
{"U"},""},
{20181221090848,N,
{0,0},1,1,1,1,3,I,"",0,
{"U"},""},
{20190101141307,N,
{0,0},1,1,1,1,1,I,"",0,
{"U"},""},
{20190101141433,N,
{0,0},1,1,2,2,1,I,"",0,
{"U"},""},
{20190101141600,C,
{2432f1776b200,4fde},1,1,2,2,5,I,"",0,
{"U"},""},
{20190101141600,U,
{2432f1776b200,4fde},1,1,2,2,6,I,"",2,
{"R",2:9a5d94b86ded43b411e90db69deeb29a},"Иванов Алексей Дмитривич"},
{20190101141600,C,
{2432f1776b200,4fde},1,1,2,2,7,I,"",0,
{"U"},""},
{20190101141609,C,
{2432f17781190,5107},1,1,2,2,5,I,"",0,
{"U"},""},
{20190101141609,U,
{2432f17781190,5107},1,1,2,2,6,I,"",3,
{"R",3:9a5d94b86ded43b411e90db69deeb29b},"Приём на работу 000000005 от 01.01.2019 14:16:09"},
{20190101141609,C,
{2432f17781190,5107},1,1,2,2,7,I,"",0,
{"U"},""},
{20190101141951,C,
{2432f1799f170,5241},1,1,2,2,5,I,"",0,
{"U"},""},
{20190101141951,U,
{2432f1799f170,5241},1,1,2,2,9,I,"",3,
{"R",3:9a5d94b86ded43b411e90db69deeb29b},"Приём на работу 000000005 от 01.01.2019 14:19:51"},
{20190101141951,U,
{2432f1799f170,5241},1,1,2,2,8,I,"",3,
{"R",3:9a5d94b86ded43b411e90db69deeb29b},"Приём на работу 000000005 от 01.01.2019 14:19:51"},
{20190101141951,C,
{2432f1799f170,5241},1,1,2,2,7,I,"",0,
{"U"},""},
{20190101141957,N,
{0,0},1,1,2,2,3,I,"",0,
{"U"},""},
{20190101142158,N,
{0,0},1,1,1,1,2,I,"",0,
{"U"},""},
{20190101142203,N,
{0,0},1,1,1,1,4,I,"",0,
{"U"},""},
{20190101142204,N,
{0,0},1,1,2,3,1,I,"",0,
{"U"},""},
{20190101142241,C,
{2432f17b3e210,5509},1,1,2,3,5,I,"",0,
{"U"},""},
{20190101142241,U,
{2432f17b3e210,5509},1,1,2,3,6,I,"",3,
{"R",3:9a5d94b86ded43b411e90db78ce88122},"Приём на работу 000000006 от 01.01.2019 14:22:41"},
{20190101142241,U,
{2432f17b3e210,5509},1,1,2,3,8,I,"",3,
{"R",3:9a5d94b86ded43b411e90db78ce88122},"Приём на работу 000000006 от 01.01.2019 14:22:41"},
{20190101142241,C,
{2432f17b3e210,5509},1,1,2,3,7,I,"",0,
{"U"},""},
{20190101142246,C,
{2432f17b4a560,56ed},1,1,2,3,5,I,"",0,
{"U"},""},
{20190101142246,U,
{2432f17b4a560,56ed},1,1,2,3,9,I,"",3,
{"R",3:9a5d94b86ded43b411e90db78ce88122},"Приём на работу 000000006 от 01.01.2019 14:22:46"},
{20190101142246,U,
{2432f17b4a560,56ed},1,1,2,3,8,I,"",3,
{"R",3:9a5d94b86ded43b411e90db78ce88122},"Приём на работу 000000006 от 01.01.2019 14:22:46"},
{20190101142246,C,
{2432f17b4a560,56ed},1,1,2,3,7,I,"",0,
{"U"},""},
{20190101142508,N,
{0,0},1,1,1,1,2,I,"",0,
{"U"},""},
{20190101142558,N,
{0,0},1,1,2,3,3,I,"",0,
{"U"},""},
{20190101142909,N,
{0,0},1,1,1,1,4,I,"",0,
{"U"},""},
{20190101142910,N,
{0,0},1,1,2,4,1,I,"",0,
{"U"},""},
{20190101143315,N,
{0,0},1,1,2,4,3,I,"",0,
{"U"},""},
{20190101143316,N,
{0,0},1,1,1,1,3,I,"",0,
{"U"},""},
{20190114094033,N,
{0,0},1,1,2,1,1,I,"",0,
{"U"},""},
{20190114094108,C,
{24331ab1cef40,5a60},1,1,2,1,5,I,"",0,
{"U"},""},
{20190114094108,U,
{24331ab1cef40,5a60},1,1,2,1,6,I,"",2,
{"R",2:9a5d94b86ded43b411e917c75f267667},"Иванов Алексей Петрович"},
{20190114094108,C,
{24331ab1cef40,5a60},1,1,2,1,7,I,"",0,
{"U"},""},
{20190114094114,C,
{24331ab1dd9a0,5b87},1,1,2,1,5,I,"",0,
{"U"},""},
{20190114094114,U,
{24331ab1dd9a0,5b87},1,1,2,1,6,I,"",3,
{"R",3:9a5d94b86ded43b411e917c75f267668},"Приём на работу 000000007 от 14.01.2019 9:41:14"},
{20190114094114,C,
{24331ab1dd9a0,5b87},1,1,2,1,7,I,"",0,
{"U"},""},
{20190114094121,C,
{24331ab1eeb10,5cc0},1,1,2,1,5,I,"",0,
{"U"},""},
{20190114094121,U,
{24331ab1eeb10,5cc0},1,1,2,1,9,I,"",3,
{"R",3:9a5d94b86ded43b411e917c75f267668},"Приём на работу 000000007 от 14.01.2019 9:41:21"},
{20190114094121,U,
{24331ab1eeb10,5cc0},1,1,2,1,8,I,"",3,
{"R",3:9a5d94b86ded43b411e917c75f267668},"Приём на работу 000000007 от 14.01.2019 9:41:21"},
{20190114094121,C,
{24331ab1eeb10,5cc0},1,1,2,1,7,I,"",0,
{"U"},""},
{20190114094127,N,
{0,0},1,1,2,1,3,I,"",0,
{"U"},""},
{20190114094133,N,
{0,0},1,1,1,1,1,I,"",0,
{"U"},""},
{20190114094252,N,
{0,0},1,1,1,1,2,I,"",0,
{"U"},""},
{20190114094257,N,
{0,0},1,1,1,1,4,I,"",0,
{"U"},""},
{20190114094258,N,
{0,0},1,1,2,2,1,I,"",0,
{"U"},""},
{20190114094339,C,
{24331ab33f9b0,5fbf},1,1,2,2,5,I,"",0,
{"U"},""},
{20190114094340,U,
{24331ab33f9b0,5fbf},1,1,2,2,6,I,"",3,
{"R",3:9a5d94b86ded43b411e917c7b983ca6c},"Приём на работу 000000008 от 14.01.2019 9:43:39"},
{20190114094340,U,
{24331ab33f9b0,5fbf},1,1,2,2,8,I,"",3,
{"R",3:9a5d94b86ded43b411e917c7b983ca6c},"Приём на работу 000000008 от 14.01.2019 9:43:39"},
{20190114094340,C,
{24331ab33f9b0,5fbf},1,1,2,2,7,I,"",0,
{"U"},""},
{20190114094356,N,
{0,0},1,1,2,2,3,I,"",0,
{"U"},""},
{20190114094443,N,
{0,0},1,1,1,1,2,I,"",0,
{"U"},""},
{20190114094458,N,
{0,0},1,1,1,1,4,I,"",0,
{"U"},""},
{20190114094459,N,
{0,0},1,1,2,3,1,I,"",0,
{"U"},""},
{20190114094515,C,
{24331ab429fb0,6285},1,1,2,3,5,I,"",0,
{"U"},""},
{20190114094515,U,
{24331ab429fb0,6285},1,1,2,3,9,I,"",3,
{"R",3:9a5d94b86ded43b411e917c7b983ca6c},"Приём на работу 000000008 от 14.01.2019 9:43:39"},
{20190114094515,U,
{24331ab429fb0,6285},1,1,2,3,8,I,"",3,
{"R",3:9a5d94b86ded43b411e917c7b983ca6c},"Приём на работу 000000008 от 14.01.2019 9:43:39"},
{20190114094515,C,
{24331ab429fb0,6285},1,1,2,3,7,I,"",0,
{"U"},""},
{20190114094526,N,
{0,0},1,1,2,3,3,I,"",0,
{"U"},""},
{20190114094828,N,
{0,0},1,1,1,1,3,I,"",0,
{"U"},""},
{20190115102938,N,
{0,0},1,1,1,1,1,I,"",0,
{"U"},""},
{20190115103228,N,
{0,0},1,1,1,1,2,I,"",0,
{"U"},""},
{20190115103233,N,
{0,0},1,1,1,1,4,I,"",0,
{"U"},""},
{20190115103234,N,
{0,0},1,1,2,2,1,I,"",0,
{"U"},""},
{20190115103259,C,
{24331e0773ab0,65bd},1,1,2,2,5,I,"",0,
{"U"},""},
{20190115103259,U,
{24331e0773ab0,65bd},1,1,2,2,6,I,"",2,
{"R",2:9a5d94b86ded43b411e91897c7d477cd},"Кто-то  2"},
{20190115103259,C,
{24331e0773ab0,65bd},1,1,2,2,7,I,"",0,
{"U"},""},
{20190115103304,C,
{24331e077fe00,66c6},1,1,2,2,5,I,"",0,
{"U"},""},
{20190115103304,U,
{24331e077fe00,66c6},1,1,2,2,6,I,"",3,
{"R",3:9a5d94b86ded43b411e91897c7d477ce},"Приём на работу 000000009 от 15.01.2019 10:33:04"},
{20190115103304,U,
{24331e077fe00,66c6},1,1,2,2,8,I,"",3,
{"R",3:9a5d94b86ded43b411e91897c7d477ce},"Приём на работу 000000009 от 15.01.2019 10:33:04"},
{20190115103304,C,
{24331e077fe00,66c6},1,1,2,2,7,I,"",0,
{"U"},""},
{20190115103321,N,
{0,0},1,1,2,2,3,I,"",0,
{"U"},""},
{20190115103339,N,
{0,0},1,1,1,1,3,I,"",0,
{"U"},""},
{20190116113302,N,
{0,0},1,1,1,1,1,I,"",0,
{"U"},""},
{20190116113438,N,
{0,0},1,1,1,1,2,I,"",0,
{"U"},""},
{20190116113457,N,
{0,0},1,1,1,1,2,I,"",0,
{"U"},""},
{20190116113505,N,
{0,0},1,1,1,1,4,I,"",0,
{"U"},""},
{20190116113506,N,
{0,0},1,1,2,2,1,I,"",0,
{"U"},""},
{20190116113533,C,
{243321633a350,6a39},1,1,2,2,5,I,"",0,
{"U"},""},
{20190116113533,U,
{243321633a350,6a39},1,1,2,2,6,I,"",3,
{"R",3:9a5f94b86ded43b411e91969b0101d87},"Приём на работу 000000010 от 16.01.2019 11:35:33"},
{20190116113533,U,
{243321633a350,6a39},1,1,2,2,8,I,"",3,
{"R",3:9a5f94b86ded43b411e91969b0101d87},"Приём на работу 000000010 от 16.01.2019 11:35:33"},
{20190116113533,C,
{243321633a350,6a39},1,1,2,2,7,I,"",0,
{"U"},""},
{20190116113559,C,
{2433216379af0,6c1d},1,1,2,2,5,I,"",0,
{"U"},""},
{20190116113559,U,
{2433216379af0,6c1d},1,1,2,2,9,I,"",3,
{"R",3:9a5f94b86ded43b411e91969b0101d87},"Приём на работу 000000010 от 16.01.2019 11:35:59"},
{20190116113559,U,
{2433216379af0,6c1d},1,1,2,2,8,I,"",3,
{"R",3:9a5f94b86ded43b411e91969b0101d87},"Приём на работу 000000010 от 16.01.2019 11:35:59"},
{20190116113559,C,
{2433216379af0,6c1d},1,1,2,2,7,I,"",0,
{"U"},""},
{20190116113626,C,
{24332163bb9a0,6e01},1,1,2,2,5,I,"",0,
{"U"},""},
{20190116113626,U,
{24332163bb9a0,6e01},1,1,2,2,9,I,"",3,
{"R",3:9a5f94b86ded43b411e91969b0101d87},"Приём на работу 000000010 от 16.01.2019 11:35:59"},
{20190116113626,U,
{24332163bb9a0,6e01},1,1,2,2,10,I,"",3,
{"R",3:9a5f94b86ded43b411e91969b0101d87},"Приём на работу 000000010 от 16.01.2019 11:35:59"},
{20190116113626,C,
{24332163bb9a0,6e01},1,1,2,2,7,I,"",0,
{"U"},""},
{20190116113628,C,
{24332163c07c0,6fe6},1,1,2,2,5,I,"",0,
{"U"},""},
{20190116113628,U,
{24332163c07c0,6fe6},1,1,2,2,9,I,"",3,
{"R",3:9a5f94b86ded43b411e91969b0101d87},"Приём на работу 000000010 от 16.01.2019 11:36:28"},
{20190116113628,U,
{24332163c07c0,6fe6},1,1,2,2,8,I,"",3,
{"R",3:9a5f94b86ded43b411e91969b0101d87},"Приём на работу 000000010 от 16.01.2019 11:36:28"},
{20190116113628,C,
{24332163c07c0,6fe6},1,1,2,2,7,I,"",0,
{"U"},""},
{20190116113639,C,
{24332163db570,71ca},1,1,2,2,5,I,"",0,
{"U"},""},
{20190116113639,U,
{24332163db570,71ca},1,1,2,2,9,I,"",3,
{"R",3:9a5f94b86ded43b411e91969b0101d87},"Приём на работу 000000010 от 16.01.2019 11:36:39"},
{20190116113639,U,
{24332163db570,71ca},1,1,2,2,8,I,"",3,
{"R",3:9a5f94b86ded43b411e91969b0101d87},"Приём на работу 000000010 от 16.01.2019 11:36:39"},
{20190116113639,C,
{24332163db570,71ca},1,1,2,2,7,I,"",0,
{"U"},""},
{20190116113707,N,
{0,0},1,1,2,2,3,I,"",0,
{"U"},""},
{20190116113854,N,
{0,0},1,1,1,1,2,I,"",0,
{"U"},""},
{20190116113858,N,
{0,0},1,1,1,1,4,I,"",0,
{"U"},""},
{20190116113859,N,
{0,0},1,1,2,3,1,I,"",0,
{"U"},""},
{20190116113918,C,
{243321655f860,7492},1,1,2,3,5,I,"",0,
{"U"},""},
{20190116113918,U,
{243321655f860,7492},1,1,2,3,6,I,"",3,
{"R",3:9a5f94b86ded43b411e9196a35cfe373},"Приём на работу 000000011 от 16.01.2019 11:39:18"},
{20190116113918,U,
{243321655f860,7492},1,1,2,3,8,I,"",3,
{"R",3:9a5f94b86ded43b411e9196a35cfe373},"Приём на работу 000000011 от 16.01.2019 11:39:18"},
{20190116113918,C,
{243321655f860,7492},1,1,2,3,7,I,"",0,
{"U"},""},
{20190116113924,C,
{243321656e2c0,7676},1,1,2,3,5,I,"",0,
{"U"},""},
{20190116113924,U,
{243321656e2c0,7676},1,1,2,3,9,I,"",3,
{"R",3:9a5f94b86ded43b411e9196a35cfe373},"Приём на работу 000000011 от 16.01.2019 11:39:24"},
{20190116113924,U,
{243321656e2c0,7676},1,1,2,3,8,I,"",3,
{"R",3:9a5f94b86ded43b411e9196a35cfe373},"Приём на работу 000000011 от 16.01.2019 11:39:24"},
{20190116113924,C,
{243321656e2c0,7676},1,1,2,3,7,I,"",0,
{"U"},""},
{20190116113938,C,
{24332165905a0,785a},1,1,2,3,5,I,"",0,
{"U"},""},
{20190116113938,U,
{24332165905a0,785a},1,1,2,3,9,I,"",3,
{"R",3:9a5f94b86ded43b411e91969b0101d87},"Приём на работу 000000010 от 16.01.2019 11:39:38"},
{20190116113938,U,
{24332165905a0,785a},1,1,2,3,8,I,"",3,
{"R",3:9a5f94b86ded43b411e91969b0101d87},"Приём на работу 000000010 от 16.01.2019 11:39:38"},
{20190116113938,C,
{24332165905a0,785a},1,1,2,3,7,I,"",0,
{"U"},""},
{20190116113950,N,
{0,0},1,1,2,3,3,I,"",0,
{"U"},""},
{20190116114418,N,
{0,0},1,1,1,1,3,I,"",0,
{"U"},""},
{20190116114422,N,
{0,0},1,1,1,1,1,I,"",0,
{"U"},""},
{20190116114624,N,
{0,0},1,1,1,1,2,I,"",0,
{"U"},""},
{20190116114626,N,
{0,0},1,1,1,1,3,I,"",0,
{"U"},""},
{20190116120426,N,
{0,0},1,1,1,1,1,I,"",0,
{"U"},""},
{20190116120703,N,
{0,0},1,1,1,1,2,I,"",0,
{"U"},""},
{20190116120711,N,
{0,0},1,1,1,1,4,I,"",0,
{"U"},""},
{20190116120712,N,
{0,0},1,1,2,2,1,I,"",0,
{"U"},""},
{20190116120721,C,
{243321756c690,7c3f},1,1,2,2,5,I,"",0,
{"U"},""},
{20190116120721,U,
{243321756c690,7c3f},1,1,2,2,6,I,"",2,
{"R",2:9a5f94b86ded43b411e9196e2161ad8e},"Кто-то  3"},
{20190116120721,C,
{243321756c690,7c3f},1,1,2,2,7,I,"",0,
{"U"},""},
{20190116120727,C,
{243321757b0f0,7d48},1,1,2,2,5,I,"",0,
{"U"},""},
{20190116120727,U,
{243321757b0f0,7d48},1,1,2,2,9,I,"",3,
{"R",3:9a5f94b86ded43b411e91969b0101d87},"Приём на работу 000000010 от 16.01.2019 12:07:27"},
{20190116120727,U,
{243321757b0f0,7d48},1,1,2,2,8,I,"",3,
{"R",3:9a5f94b86ded43b411e91969b0101d87},"Приём на работу 000000010 от 16.01.2019 12:07:27"},
{20190116120727,C,
{243321757b0f0,7d48},1,1,2,2,7,I,"",0,
{"U"},""},
{20190116120801,C,
{24332175ce110,7f2c},1,1,2,2,5,I,"",0,
{"U"},""},
{20190116120801,U,
{24332175ce110,7f2c},1,1,2,2,6,I,"",2,
{"R",2:9a5f94b86ded43b411e9196e2161ad8f},"ФИО"},
{20190116120801,C,
{24332175ce110,7f2c},1,1,2,2,7,I,"",0,
{"U"},""},
{20190116120808,C,
{24332175df280,802d},1,1,2,2,5,I,"",0,
{"U"},""},
{20190116120808,U,
{24332175df280,802d},1,1,2,2,6,I,"",3,
{"R",3:9a5f94b86ded43b411e9196e2161ad90},"Приём на работу 000000012 от 16.01.2019 12:08:08"},
{20190116120808,C,
{24332175df280,802d},1,1,2,2,7,I,"",0,
{"U"},""},
{20190116120814,C,
{24332175edce0,8167},1,1,2,2,5,I,"",0,
{"U"},""},
{20190116120814,U,
{24332175edce0,8167},1,1,2,2,9,I,"",3,
{"R",3:9a5f94b86ded43b411e9196e2161ad90},"Приём на работу 000000012 от 16.01.2019 12:08:14"},
{20190116120814,U,
{24332175edce0,8167},1,1,2,2,8,I,"",3,
{"R",3:9a5f94b86ded43b411e9196e2161ad90},"Приём на работу 000000012 от 16.01.2019 12:08:14"},
{20190116120814,C,
{24332175edce0,8167},1,1,2,2,7,I,"",0,
{"U"},""},
{20190116120928,C,
{24332176a2780,834b},1,1,2,2,5,I,"",0,
{"U"},""},
{20190116120928,U,
{24332176a2780,834b},1,1,2,2,6,I,"",2,
{"R",2:9a5f94b86ded43b411e9196e2161ad91},"ФИО 2"},
{20190116120928,C,
{24332176a2780,834b},1,1,2,2,7,I,"",0,
{"U"},""},
{20190116120930,C,
{24332176a75a0,844e},1,1,2,2,5,I,"",0,
{"U"},""},
{20190116120930,U,
{24332176a75a0,844e},1,1,2,2,6,I,"",3,
{"R",3:9a5f94b86ded43b411e9196e2161ad92},"Приём на работу 000000013 от 16.01.2019 12:09:30"},
{20190116120930,U,
{24332176a75a0,844e},1,1,2,2,8,I,"",3,
{"R",3:9a5f94b86ded43b411e9196e2161ad92},"Приём на работу 000000013 от 16.01.2019 12:09:30"},
{20190116120930,C,
{24332176a75a0,844e},1,1,2,2,7,I,"",0,
{"U"},""},
{20190116120953,N,
{0,0},1,1,2,2,3,I,"",0,
{"U"},""},
{20190116121608,N,
{0,0},1,1,1,1,2,I,"",0,
{"U"},""},
{20190116121617,N,
{0,0},1,1,1,1,2,I,"",0,
{"U"},""},
{20190116121621,N,
{0,0},1,1,1,1,4,I,"",0,
{"U"},""},
{20190116121622,N,
{0,0},1,1,2,3,1,I,"",0,
{"U"},""},
{20190116121641,C,
{2433217ac3990,874f},1,1,2,3,5,I,"",0,
{"U"},""},
{20190116121641,U,
{2433217ac3990,874f},1,1,2,3,11,I,"",3,
{"R",3:9a5f94b86ded43b411e9196e2161ad92},"Приём на работу 000000013 от 16.01.2019 12:09:30"},
{20190116121641,C,
{2433217ac3990,874f},1,1,2,3,7,I,"",0,
{"U"},""},
{20190116121643,C,
{2433217ac87b0,888a},1,1,2,3,5,I,"",0,
{"U"},""},
{20190116121643,U,
{2433217ac87b0,888a},1,1,2,3,11,I,"",3,
{"R",3:9a5f94b86ded43b411e9196e2161ad90},"Приём на работу 000000012 от 16.01.2019 12:08:14"},
{20190116121643,C,
{2433217ac87b0,888a},1,1,2,3,7,I,"",0,
{"U"},""},
{20190116121645,C,
{2433217acd5d0,89c5},1,1,2,3,5,I,"",0,
{"U"},""},
{20190116121645,U,
{2433217acd5d0,89c5},1,1,2,3,11,I,"",3,
{"R",3:9a5f94b86ded43b411e91969b0101d87},"Приём на работу 000000010 от 16.01.2019 12:07:27"},
{20190116121645,C,
{2433217acd5d0,89c5},1,1,2,3,7,I,"",0,
{"U"},""},
{20190116121647,C,
{2433217ad23f0,8b00},1,1,2,3,5,I,"",0,
{"U"},""},
{20190116121647,U,
{2433217ad23f0,8b00},1,1,2,3,11,I,"",3,
{"R",3:9a5f94b86ded43b411e9196a35cfe373},"Приём на работу 000000011 от 16.01.2019 11:39:24"},
{20190116121647,C,
{2433217ad23f0,8b00},1,1,2,3,7,I,"",0,
{"U"},""},
{20190116121648,C,
{2433217ad4b00,8c3b},1,1,2,3,5,I,"",0,
{"U"},""},
{20190116121648,U,
{2433217ad4b00,8c3b},1,1,2,3,11,I,"",3,
{"R",3:9a5d94b86ded43b411e91897c7d477ce},"Приём на работу 000000009 от 15.01.2019 10:33:04"},
{20190116121648,C,
{2433217ad4b00,8c3b},1,1,2,3,7,I,"",0,
{"U"},""},
{20190116121656,C,
{2433217ae8380,8d76},1,1,2,3,5,I,"",0,
{"U"},""},
{20190116121656,U,
{2433217ae8380,8d76},1,1,2,3,11,I,"",2,
{"R",2:9a5f94b86ded43b411e9196e2161ad91},"ФИО 2"},
{20190116121656,C,
{2433217ae8380,8d76},1,1,2,3,7,I,"",0,
{"U"},""},
{20190116121659,C,
{2433217aef8b0,8e7a},1,1,2,3,5,I,"",0,
{"U"},""},
{20190116121659,U,
{2433217aef8b0,8e7a},1,1,2,3,11,I,"",2,
{"R",2:9a5f94b86ded43b411e9196e2161ad8e},"Кто-то  3"},
{20190116121659,C,
{2433217aef8b0,8e7a},1,1,2,3,7,I,"",0,
{"U"},""},
{20190116121701,C,
{2433217af46d0,8f84},1,1,2,3,5,I,"",0,
{"U"},""},
{20190116121701,U,
{2433217af46d0,8f84},1,1,2,3,11,I,"",2,
{"R",2:9a5d94b86ded43b411e91897c7d477cd},"Кто-то  2"},
{20190116121701,C,
{2433217af46d0,8f84},1,1,2,3,7,I,"",0,
{"U"},""},
{20190116121718,C,
{2433217b1dee0,908e},1,1,2,3,5,I,"",0,
{"U"},""},
{20190116121718,U,
{2433217b1dee0,908e},1,1,2,3,6,I,"",3,
{"R",3:9a5f94b86ded43b411e9196f850d3c15},"Приём на работу 000000014 от 16.01.2019 12:17:18"},
{20190116121718,U,
{2433217b1dee0,908e},1,1,2,3,8,I,"",3,
{"R",3:9a5f94b86ded43b411e9196f850d3c15},"Приём на работу 000000014 от 16.01.2019 12:17:18"},
{20190116121718,C,
{2433217b1dee0,908e},1,1,2,3,7,I,"",0,
{"U"},""},
{20190116121726,C,
{2433217b31760,9272},1,1,2,3,5,I,"",0,
{"U"},""},
{20190116121726,U,
{2433217b31760,9272},1,1,2,3,9,I,"",3,
{"R",3:9a5f94b86ded43b411e9196f850d3c15},"Приём на работу 000000014 от 16.01.2019 12:17:18"},
{20190116121726,U,
{2433217b31760,9272},1,1,2,3,10,I,"",3,
{"R",3:9a5f94b86ded43b411e9196f850d3c15},"Приём на работу 000000014 от 16.01.2019 12:17:18"},
{20190116121726,C,
{2433217b31760,9272},1,1,2,3,7,I,"",0,
{"U"},""},
{20190116121727,C,
{2433217b33e70,9457},1,1,2,3,5,I,"",0,
{"U"},""},
{20190116121727,U,
{2433217b33e70,9457},1,1,2,3,9,I,"",3,
{"R",3:9a5f94b86ded43b411e9196f850d3c15},"Приём на работу 000000014 от 16.01.2019 12:17:27"},
{20190116121727,U,
{2433217b33e70,9457},1,1,2,3,8,I,"",3,
{"R",3:9a5f94b86ded43b411e9196f850d3c15},"Приём на работу 000000014 от 16.01.2019 12:17:27"},
{20190116121727,C,
{2433217b33e70,9457},1,1,2,3,7,I,"",0,
{"U"},""},
{20190116121754,C,
{2433217b75d20,963b},1,1,2,3,5,I,"",0,
{"U"},""},
{20190116121754,U,
{2433217b75d20,963b},1,1,2,3,6,I,"",3,
{"R",3:9a5f94b86ded43b411e9196f850d3c16},"Приём на работу 000000015 от 16.01.2019 12:17:54"},
{20190116121754,U,
{2433217b75d20,963b},1,1,2,3,8,I,"",3,
{"R",3:9a5f94b86ded43b411e9196f850d3c16},"Приём на работу 000000015 от 16.01.2019 12:17:54"},
{20190116121754,C,
{2433217b75d20,963b},1,1,2,3,7,I,"",0,
{"U"},""},
{20190116121805,N,
{0,0},1,1,2,3,3,I,"",0,
{"U"},""},
{20190116122157,N,
{0,0},1,1,1,1,2,I,"",0,
{"U"},""},
{20190116122201,N,
{0,0},1,1,1,1,4,I,"",0,
{"U"},""},
{20190116122202,N,
{0,0},1,1,2,4,1,I,"",0,
{"U"},""},
{20190116122209,C,
{2433217de4610,9903},1,1,2,4,5,I,"",0,
{"U"},""},
{20190116122209,U,
{2433217de4610,9903},1,1,2,4,6,I,"",2,
{"R",2:9a5f94b86ded43b411e9197032828c06},"123"},
{20190116122209,C,
{2433217de4610,9903},1,1,2,4,7,I,"",0,
{"U"},""},
{20190116122211,C,
{2433217de9430,9a01},1,1,2,4,5,I,"",0,
{"U"},""},
{20190116122211,U,
{2433217de9430,9a01},1,1,2,4,9,I,"",3,
{"R",3:9a5f94b86ded43b411e9196f850d3c16},"Приём на работу 000000015 от 16.01.2019 12:22:11"},
{20190116122211,U,
{2433217de9430,9a01},1,1,2,4,8,I,"",3,
{"R",3:9a5f94b86ded43b411e9196f850d3c16},"Приём на работу 000000015 от 16.01.2019 12:22:11"},
{20190116122211,C,
{2433217de9430,9a01},1,1,2,4,7,I,"",0,
{"U"},""},
{20190116122250,N,
{0,0},1,1,2,4,3,I,"",0,
{"U"},""},
{20190116122810,N,
{0,0},1,1,1,1,2,I,"",0,
{"U"},""},
{20190116122949,N,
{0,0},1,1,1,1,2,I,"",0,
{"U"},""},
{20190116123531,N,
{0,0},1,1,1,1,2,I,"",0,
{"U"},""},
{20190116123539,N,
{0,0},1,1,1,1,2,I,"",0,
{"U"},""},
{20190116123720,N,
{0,0},1,1,1,1,2,I,"",0,
{"U"},""},
{20190116123851,N,
{0,0},1,1,1,1,2,I,"",0,
{"U"},""},
{20190116123852,N,
{0,0},1,1,1,1,2,I,"",0,
{"U"},""},
{20190116123859,N,
{0,0},1,1,1,1,4,I,"Новый объект: Документ.Увольнение",0,
{"U"},""},
{20190116123900,N,
{0,0},1,1,2,5,1,I,"",0,
{"U"},""},
{20190116123928,N,
{0,0},1,1,2,5,12,E,"{Документ.Увольнение.Форма.ФормаДокумента(4)}: Метод объекта не обнаружен (НайтиЭлемент)",0,
{"U"},""},
{20190116123953,N,
{0,0},1,1,2,5,3,I,"",0,
{"U"},""},
{20190116124014,N,
{0,0},1,1,2,6,1,I,"",0,
{"U"},""},
{20190116124023,N,
{0,0},1,1,2,6,3,I,"",0,
{"U"},""},
{20190116124143,N,
{0,0},1,1,1,1,2,I,"",0,
{"U"},""},
{20190116124145,N,
{0,0},1,1,1,1,4,I,"",0,
{"U"},""},
{20190116124146,N,
{0,0},1,1,2,7,1,I,"",0,
{"U"},""},
{20190116124158,N,
{0,0},1,1,2,7,12,E,"{Документ.Увольнение.Форма.ФормаДокумента(5)}: Поле объекта не обнаружено (ДатаУвольнения)",0,
{"U"},""},
{20190116124208,N,
{0,0},1,1,2,7,3,I,"",0,
{"U"},""},
{20190116124349,N,
{0,0},1,1,1,1,2,I,"",0,
{"U"},""},
{20190116124410,N,
{0,0},1,1,1,1,2,I,"",0,
{"U"},""},
{20190116124414,N,
{0,0},1,1,1,1,4,I,"",0,
{"U"},""},
{20190116124415,N,
{0,0},1,1,2,8,1,I,"",0,
{"U"},""},
{20190116124428,N,
{0,0},1,1,2,8,12,E,"{Документ.Увольнение.Форма.ФормаДокумента(5)}: Поле объекта не обнаружено (ДатаУвольнения)",0,
{"U"},""},
{20190116124458,C,
{2433218af2aa0,a366},1,1,2,8,5,I,"",0,
{"U"},""},
{20190116124458,U,
{2433218af2aa0,a366},1,1,2,8,6,I,"",4,
{"R",16:9a5f94b86ded43b411e919736226be62},"Увольнение 000000001 от 16.01.2019 12:44:58"},
{20190116124458,U,
{2433218af2aa0,a366},1,1,2,8,8,I,"",4,
{"R",16:9a5f94b86ded43b411e919736226be62},"Увольнение 000000001 от 16.01.2019 12:44:58"},
{20190116124458,C,
{2433218af2aa0,a366},1,1,2,8,7,I,"",0,
{"U"},""},
{20190116124500,N,
{0,0},1,1,2,8,12,E,"{Документ.Увольнение.Форма.ФормаДокумента(5)}: Поле объекта не обнаружено (ДатаУвольнения)",0,
{"U"},""},
{20190116124503,N,
{0,0},1,1,2,8,3,I,"",0,
{"U"},""},
{20190116124901,N,
{0,0},1,1,1,1,2,I,"",0,
{"U"},""},
{20190116125114,N,
{0,0},1,1,1,1,2,I,"",0,
{"U"},""},
{20190116125350,N,
{0,0},1,1,1,1,2,I,"",0,
{"U"},""},
{20190116125352,N,
{0,0},1,1,1,1,4,I,"",0,
{"U"},""},
{20190116125353,N,
{0,0},1,1,2,9,1,I,"",0,
{"U"},""},
{20190116125359,N,
{0,0},1,1,2,9,12,E,"{Документ.Увольнение.Форма.ФормаДокумента(5)}: Поле объекта не обнаружено (ДатаУвольнения)",0,
{"U"},""},
{20190116125437,N,
{0,0},1,1,2,9,3,I,"",0,
{"U"},""},
{20190116125510,N,
{0,0},1,1,1,1,2,I,"",0,
{"U"},""},
{20190116125530,N,
{0,0},1,1,1,1,2,I,"",0,
{"U"},""},
{20190116125532,N,
{0,0},1,1,1,1,2,I,"",0,
{"U"},""},
{20190116125546,N,
{0,0},1,1,1,1,4,I,"",0,
{"U"},""},
{20190116125547,N,
{0,0},1,1,2,10,1,I,"",0,
{"U"},""},
{20190116125554,N,
{0,0},1,1,2,10,12,E,"{Документ.Увольнение.Форма.ФормаДокумента(5)}: Поле объекта не обнаружено (ДатаУвольнение)",0,
{"U"},""},
{20190116125607,N,
{0,0},1,1,2,10,3,I,"",0,
{"U"},""},
{20190116125652,N,
{0,0},1,1,1,1,2,I,"",0,
{"U"},""},
{20190116125656,N,
{0,0},1,1,1,1,4,I,"",0,
{"U"},""},
{20190116125657,N,
{0,0},1,1,2,11,1,I,"",0,
{"U"},""},
{20190116125704,N,
{0,0},1,1,2,11,12,E,"{Документ.Увольнение.Форма.ФормаДокумента(5,26)}: Переменная не определена (ДатаУвольнения)",0,
{"U"},""},
{20190116125721,N,
{0,0},1,1,2,11,3,I,"",0,
{"U"},""},
{20190116125752,N,
{0,0},1,1,1,1,2,I,"",0,
{"U"},""},
{20190116125754,N,
{0,0},1,1,1,1,4,I,"",0,
{"U"},""},
{20190116125755,N,
{0,0},1,1,2,12,1,I,"",0,
{"U"},""},
{20190116125805,N,
{0,0},1,1,2,12,12,E,"{Документ.Увольнение.Форма.ФормаДокумента(5)}: Поле объекта не обнаружено (ДатаУвольнения)",0,
{"U"},""},
{20190116125824,N,
{0,0},1,1,2,12,3,I,"",0,
{"U"},""},
{20190116130157,N,
{0,0},1,1,1,1,2,I,"",0,
{"U"},""},
{20190116131225,N,
{0,0},1,1,1,1,2,I,"",0,
{"U"},""},
{20190116131252,N,
{0,0},1,1,1,1,2,I,"",0,
{"U"},""},
{20190116131423,N,
{0,0},1,1,1,1,2,I,"",0,
{"U"},""},
{20190116131432,N,
{0,0},1,1,1,1,2,I,"",0,
{"U"},""},
{20190116131433,N,
{0,0},1,1,1,1,2,I,"",0,
{"U"},""},
{20190116131435,N,
{0,0},1,1,1,1,4,I,"",0,
{"U"},""},
{20190116131436,N,
{0,0},1,1,2,13,1,I,"",0,
{"U"},""},
{20190116131442,N,
{0,0},1,1,2,13,12,E,"{Документ.Увольнение.Форма.ФормаДокумента(4)}: Поле объекта не обнаружено (ДатаУвольнения)",0,
{"U"},""},
{20190116131507,N,
{0,0},1,1,2,13,3,I,"",0,
{"U"},""},
{20190116131611,N,
{0,0},1,1,1,1,2,I,"",0,
{"U"},""},
{20190116131743,N,
{0,0},1,1,1,1,2,I,"",0,
{"U"},""},
{20190116131944,N,
{0,0},1,1,1,1,2,I,"",0,
{"U"},""},
{20190116132423,N,
{0,0},1,1,1,1,2,I,"",0,
{"U"},""},
{20190116132450,N,
{0,0},1,1,1,1,2,I,"",0,
{"U"},""},
{20190116132453,N,
{0,0},1,1,1,1,4,I,"Новый объект: ЖурналДокументов.КадровыеДокументы",0,
{"U"},""},
{20190116132454,N,
{0,0},1,1,2,14,1,I,"",0,
{"U"},""},
{20190116132519,N,
{0,0},1,1,2,14,3,I,"",0,
{"U"},""},
{20190116132541,N,
{0,0},1,1,1,1,2,I,"",0,
{"U"},""},
{20190116132544,N,
{0,0},1,1,1,1,4,I,"",0,
{"U"},""},
{20190116132545,N,
{0,0},1,1,2,15,1,I,"",0,
{"U"},""},
{20190116132744,C,
{243321a36b500,b3fc},1,1,2,15,5,I,"",0,
{"U"},""},
{20190116132744,U,
{243321a36b500,b3fc},1,1,2,15,6,I,"",2,
{"R",2:9a5f94b86ded43b411e919795ba90ebc},"Кто-то 5"},
{20190116132744,C,
{243321a36b500,b3fc},1,1,2,15,7,I,"",0,
{"U"},""},
{20190116132744,C,
{243321a36b500,b507},1,1,2,15,5,I,"",0,
{"U"},""},
{20190116132744,U,
{243321a36b500,b507},1,1,2,15,6,I,"",3,
{"R",3:9a5f94b86ded43b411e919795ba90ebd},"Приём на работу 000000016 от 16.01.2019 13:27:44"},
{20190116132744,U,
{243321a36b500,b507},1,1,2,15,8,I,"",3,
{"R",3:9a5f94b86ded43b411e919795ba90ebd},"Приём на работу 000000016 от 16.01.2019 13:27:44"},
{20190116132744,C,
{243321a36b500,b507},1,1,2,15,7,I,"",0,
{"U"},""},
{20190116132815,C,
{243321a3b6ff0,b6ef},1,1,2,15,5,I,"",0,
{"U"},""},
{20190116132815,U,
{243321a3b6ff0,b6ef},1,1,2,15,6,I,"",4,
{"R",16:9a5f94b86ded43b411e919795ba90ebe},"Увольнение 000000002 от 16.01.2019 13:28:15"},
{20190116132815,U,
{243321a3b6ff0,b6ef},1,1,2,15,8,I,"",4,
{"R",16:9a5f94b86ded43b411e919795ba90ebe},"Увольнение 000000002 от 16.01.2019 13:28:15"},
{20190116132815,C,
{243321a3b6ff0,b6ef},1,1,2,15,7,I,"",0,
{"U"},""},
{20190116132819,N,
{0,0},1,1,2,15,12,E,"{Документ.Увольнение.Форма.ФормаДокумента(5)}: Поле объекта не обнаружено (ДатаУвольнения)",0,
{"U"},""},
{20190116132832,N,
{0,0},1,1,2,15,3,I,"",0,
{"U"},""},
{20190116132833,N,
{0,0},1,1,1,1,2,I,"",0,
{"U"},""},
{20190116132835,N,
{0,0},1,1,1,1,3,I,"",0,
{"U"},""},
{20190220120209,N,
{0,0},1,1,2,1,1,I,"",0,
{"U"},""},
{20190220120232,N,
{0,0},1,1,2,1,3,I,"",0,
{"U"},""}