1CV8LOG_
03c80d2b-487c-4877-8016-02bad04b9207

{20190313115722,N,
{0,0},1,1,1,1,1,I,"",0,
{"U"},""},
{20190313120237,N,
{0,0},1,1,1,1,2,I,"",0,
{"U"},""},
{20190313120244,N,
{0,0},1,1,1,1,3,I,"Новый объект: Справочник.Участники
Новый объект: Справочник.Кошельки
Новый объект: Справочник.СтатьиРасходов",0,
{"U"},""},
{20190313120245,N,
{0,0},1,1,2,2,1,I,"",0,
{"U"},""},
{20190313120259,N,
{0,0},1,1,2,2,4,I,"",0,
{"U"},""},
{20190313120844,N,
{0,0},1,1,1,1,2,I,"",0,
{"U"},""},
{20190313121017,N,
{0,0},1,1,1,1,2,I,"",0,
{"U"},""},
{20190313121158,N,
{0,0},1,1,1,1,2,I,"",0,
{"U"},""},
{20190313121326,N,
{0,0},1,1,1,1,2,I,"",0,
{"U"},""},
{20190313121340,N,
{0,0},1,1,1,1,2,I,"",0,
{"U"},""},
{20190313121345,N,
{0,0},1,1,1,1,2,I,"",0,
{"U"},""},
{20190313121503,N,
{0,0},1,1,1,1,2,I,"",0,
{"U"},""},
{20190313121910,N,
{0,0},1,1,1,1,2,I,"",0,
{"U"},""},
{20190313121924,N,
{0,0},1,1,1,1,2,I,"",0,
{"U"},""},
{20190313121932,N,
{0,0},1,1,1,1,2,I,"",0,
{"U"},""},
{20190313122045,N,
{0,0},1,1,1,1,2,I,"",0,
{"U"},""},
{20190313122050,N,
{0,0},1,1,1,1,2,I,"",0,
{"U"},""},
{20190313122142,N,
{0,0},1,1,1,1,2,I,"",0,
{"U"},""},
{20190313122456,N,
{0,0},1,1,1,1,2,I,"",0,
{"U"},""},
{20190313122601,N,
{0,0},1,1,1,1,2,I,"",0,
{"U"},""},
{20190313122616,N,
{0,0},1,1,1,1,2,I,"",0,
{"U"},""},
{20190313122624,N,
{0,0},1,1,1,1,3,I,"Новый объект: Справочник.СтатьиДоходов
Новый объект: Документ.ВводНачальныхОстатков
Новый объект: Документ.Расход
Новый объект: Документ.Доход
Новый объект: Документ.Перевод",0,
{"U"},""},
{20190313122625,N,
{0,0},1,1,2,3,1,I,"",0,
{"U"},""},
{20190313122640,N,
{0,0},1,1,2,3,4,I,"",0,
{"U"},""},
{20190313122924,N,
{0,0},1,1,1,1,2,I,"",0,
{"U"},""},
{20190313123026,N,
{0,0},1,1,1,1,2,I,"",0,
{"U"},""},
{20190313123240,N,
{0,0},1,1,1,1,2,I,"",0,
{"U"},""},
{20190313123241,N,
{0,0},1,1,1,1,4,I,"",0,
{"U"},""},
{20190313123332,N,
{0,0},1,1,1,1,1,I,"",0,
{"U"},""},
{20190313123542,N,
{0,0},1,1,1,1,2,I,"",0,
{"U"},""},
{20190313124422,N,
{0,0},1,1,1,1,2,I,"",0,
{"U"},""},
{20190313124622,N,
{0,0},1,1,1,1,2,I,"",0,
{"U"},""},
{20190313124910,N,
{0,0},1,1,1,1,2,I,"",0,
{"U"},""},
{20190313125129,N,
{0,0},1,1,1,1,2,I,"",0,
{"U"},""},
{20190313125135,N,
{0,0},1,1,1,1,3,I,"Новый объект: РегистрНакопления.Кошельки
Новый объект: РегистрНакопления.Доходы
Новый объект: РегистрНакопления.Расходы
Объект изменен: Документ.Перевод",0,
{"U"},""},
{20190313125136,N,
{0,0},1,1,2,2,1,I,"",0,
{"U"},""},
{20190313125158,C,
{2433d5cd880e0,b68},1,1,2,2,5,I,"",0,
{"U"},""},
{20190313125158,U,
{2433d5cd880e0,b68},1,1,2,2,6,I,"",1,
{"R",1:9a7d94b86ded43b411e94575a42cb544},"Мама"},
{20190313125158,C,
{2433d5cd880e0,b68},1,1,2,2,7,I,"",0,
{"U"},""},
{20190313125204,C,
{2433d5cd96b40,c68},1,1,2,2,5,I,"",0,
{"U"},""},
{20190313125204,U,
{2433d5cd96b40,c68},1,1,2,2,6,I,"",1,
{"R",1:9a7d94b86ded43b411e94575a42cb545},"Папа"},
{20190313125204,C,
{2433d5cd96b40,c68},1,1,2,2,7,I,"",0,
{"U"},""},
{20190313125210,C,
{2433d5cda55a0,d68},1,1,2,2,5,I,"",0,
{"U"},""},
{20190313125210,U,
{2433d5cda55a0,d68},1,1,2,2,6,I,"",1,
{"R",1:9a7d94b86ded43b411e94575a42cb546},"Сын"},
{20190313125210,C,
{2433d5cda55a0,d68},1,1,2,2,7,I,"",0,
{"U"},""},
{20190313125219,C,
{2433d5cdbb530,e66},1,1,2,2,5,I,"",0,
{"U"},""},
{20190313125219,U,
{2433d5cdbb530,e66},1,1,2,2,6,I,"",1,
{"R",1:9a7d94b86ded43b411e94575a42cb547},"Дочь"},
{20190313125219,C,
{2433d5cdbb530,e66},1,1,2,2,7,I,"",0,
{"U"},""},
{20190313125242,C,
{2433d5cdf37a0,f66},1,1,2,2,5,I,"",0,
{"U"},""},
{20190313125242,U,
{2433d5cdf37a0,f66},1,1,2,2,6,I,"",2,
{"R",2:9a7d94b86ded43b411e94575a42cb548},"Кошелек папа"},
{20190313125242,C,
{2433d5cdf37a0,f66},1,1,2,2,7,I,"",0,
{"U"},""},
{20190313125251,C,
{2433d5ce09730,1075},1,1,2,2,5,I,"",0,
{"U"},""},
{20190313125251,U,
{2433d5ce09730,1075},1,1,2,2,8,I,"",2,
{"R",2:9a7d94b86ded43b411e94575a42cb548},"Кошелек папы"},
{20190313125251,C,
{2433d5ce09730,1075},1,1,2,2,7,I,"",0,
{"U"},""},
{20190313125304,C,
{2433d5ce29300,1187},1,1,2,2,5,I,"",0,
{"U"},""},
{20190313125304,U,
{2433d5ce29300,1187},1,1,2,2,6,I,"",2,
{"R",2:9a7d94b86ded43b411e94575a42cb549},"Кошелек мамы"},
{20190313125304,C,
{2433d5ce29300,1187},1,1,2,2,7,I,"",0,
{"U"},""},
{20190313125330,C,
{2433d5ce68aa0,1299},1,1,2,2,5,I,"",0,
{"U"},""},
{20190313125330,U,
{2433d5ce68aa0,1299},1,1,2,2,6,I,"",2,
{"R",2:9a7d94b86ded43b411e94575a42cb54a},"Счет в банке"},
{20190313125330,C,
{2433d5ce68aa0,1299},1,1,2,2,7,I,"",0,
{"U"},""},
{20190313125347,C,
{2433d5ce922b0,13aa},1,1,2,2,5,I,"",0,
{"U"},""},
{20190313125347,U,
{2433d5ce922b0,13aa},1,1,2,2,6,I,"",2,
{"R",2:9a7d94b86ded43b411e94575a42cb54b},"На учебу дочери и сына"},
{20190313125347,C,
{2433d5ce922b0,13aa},1,1,2,2,7,I,"",0,
{"U"},""},
{20190313125420,C,
{2433d5cee2bc0,14cd},1,1,2,2,5,I,"",0,
{"U"},""},
{20190313125420,U,
{2433d5cee2bc0,14cd},1,1,2,2,6,I,"",3,
{"R",3:9a7d94b86ded43b411e94575a42cb54c},"Еда"},
{20190313125420,C,
{2433d5cee2bc0,14cd},1,1,2,2,7,I,"",0,
{"U"},""},
{20190313125430,C,
{2433d5cefb260,15ce},1,1,2,2,5,I,"",0,
{"U"},""},
{20190313125430,U,
{2433d5cefb260,15ce},1,1,2,2,6,I,"",3,
{"R",3:9a7d94b86ded43b411e94575a42cb54d},"Одежда"},
{20190313125430,C,
{2433d5cefb260,15ce},1,1,2,2,7,I,"",0,
{"U"},""},
{20190313125445,C,
{2433d5cf1fc50,16d5},1,1,2,2,5,I,"",0,
{"U"},""},
{20190313125445,U,
{2433d5cf1fc50,16d5},1,1,2,2,6,I,"",3,
{"R",3:9a7d94b86ded43b411e94575a42cb54e},"Прочая необходимость"},
{20190313125445,C,
{2433d5cf1fc50,16d5},1,1,2,2,7,I,"",0,
{"U"},""},
{20190313125457,C,
{2433d5cf3d110,17f7},1,1,2,2,5,I,"",0,
{"U"},""},
{20190313125457,U,
{2433d5cf3d110,17f7},1,1,2,2,6,I,"",3,
{"R",3:9a7d94b86ded43b411e94575a42cb54f},"Мясные продукты"},
{20190313125457,C,
{2433d5cf3d110,17f7},1,1,2,2,7,I,"",0,
{"U"},""},
{20190313125503,C,
{2433d5cf4bb70,190f},1,1,2,2,5,I,"",0,
{"U"},""},
{20190313125503,U,
{2433d5cf4bb70,190f},1,1,2,2,6,I,"",3,
{"R",3:9a7d94b86ded43b411e94575a42cb550},"Кофе"},
{20190313125503,C,
{2433d5cf4bb70,190f},1,1,2,2,7,I,"",0,
{"U"},""},
{20190313125510,C,
{2433d5cf5cce0,1a12},1,1,2,2,5,I,"",0,
{"U"},""},
{20190313125510,U,
{2433d5cf5cce0,1a12},1,1,2,2,6,I,"",3,
{"R",3:9a7d94b86ded43b411e94575a42cb551},"Чай"},
{20190313125510,C,
{2433d5cf5cce0,1a12},1,1,2,2,7,I,"",0,
{"U"},""},
{20190313125517,C,
{2433d5cf6de50,1b13},1,1,2,2,5,I,"",0,
{"U"},""},
{20190313125517,U,
{2433d5cf6de50,1b13},1,1,2,2,6,I,"",3,
{"R",3:9a7d94b86ded43b411e94575a42cb552},"Прочее"},
{20190313125517,C,
{2433d5cf6de50,1b13},1,1,2,2,7,I,"",0,
{"U"},""},
{20190313125530,C,
{2433d5cf8da20,1c1a},1,1,2,2,5,I,"",0,
{"U"},""},
{20190313125530,U,
{2433d5cf8da20,1c1a},1,1,2,2,6,I,"",3,
{"R",3:9a7d94b86ded43b411e94575a42cb553},"Верхняя одежда"},
{20190313125530,C,
{2433d5cf8da20,1c1a},1,1,2,2,7,I,"",0,
{"U"},""},
{20190313125548,C,
{2433d5cfb9940,1d30},1,1,2,2,5,I,"",0,
{"U"},""},
{20190313125548,U,
{2433d5cfb9940,1d30},1,1,2,2,6,I,"",4,
{"R",6:9a7d94b86ded43b411e94575a42cb554},"Работа"},
{20190313125548,C,
{2433d5cfb9940,1d30},1,1,2,2,7,I,"",0,
{"U"},""},
{20190313125555,C,
{2433d5cfcaab0,1e37},1,1,2,2,5,I,"",0,
{"U"},""},
{20190313125555,U,
{2433d5cfcaab0,1e37},1,1,2,2,9,I,"",4,
{"R",6:9a7d94b86ded43b411e94575a42cb554},"Работа"},
{20190313125555,C,
{2433d5cfcaab0,1e37},1,1,2,2,7,I,"",0,
{"U"},""},
{20190313125605,C,
{2433d5cfe3150,1f3e},1,1,2,2,5,I,"",0,
{"U"},""},
{20190313125605,U,
{2433d5cfe3150,1f3e},1,1,2,2,6,I,"",4,
{"R",6:9a7d94b86ded43b411e94575a42cb555},"Работа"},
{20190313125605,C,
{2433d5cfe3150,1f3e},1,1,2,2,7,I,"",0,
{"U"},""},
{20190313125617,C,
{2433d5d000610,2045},1,1,2,2,5,I,"",0,
{"U"},""},
{20190313125617,U,
{2433d5d000610,2045},1,1,2,2,6,I,"",4,
{"R",6:9a7d94b86ded43b411e94575a42cb556},"Перечисления"},
{20190313125617,C,
{2433d5d000610,2045},1,1,2,2,7,I,"",0,
{"U"},""},
{20190313125627,C,
{2433d5d018cb0,2158},1,1,2,2,5,I,"",0,
{"U"},""},
{20190313125627,U,
{2433d5d018cb0,2158},1,1,2,2,6,I,"",4,
{"R",6:9a7d94b86ded43b411e94575a42cb557},"Аванс"},
{20190313125627,C,
{2433d5d018cb0,2158},1,1,2,2,7,I,"",0,
{"U"},""},
{20190313125634,C,
{2433d5d029e20,225d},1,1,2,2,5,I,"",0,
{"U"},""},
{20190313125634,U,
{2433d5d029e20,225d},1,1,2,2,6,I,"",4,
{"R",6:9a7d94b86ded43b411e94575a42cb558},"Зарплата"},
{20190313125634,C,
{2433d5d029e20,225d},1,1,2,2,7,I,"",0,
{"U"},""},
{20190313125649,C,
{2433d5d04e810,2368},1,1,2,2,5,I,"",0,
{"U"},""},
{20190313125649,U,
{2433d5d04e810,2368},1,1,2,2,6,I,"",4,
{"R",6:9a7d94b86ded43b411e94575a42cb559},"От родственников"},
{20190313125649,C,
{2433d5d04e810,2368},1,1,2,2,7,I,"",0,
{"U"},""},
{20190313125833,C,
{2433d5d14c690,2482},1,1,2,2,5,I,"",0,
{"U"},""},
{20190313125833,U,
{2433d5d14c690,2482},1,1,2,2,6,I,"",5,
{"R",7:9a7d94b86ded43b411e94575a42cb55a},"Ввод начальных остатков 000000001 от 13.03.2019 12:58:33"},
{20190313125833,U,
{2433d5d14c690,2482},1,1,2,2,10,I,"",5,
{"R",7:9a7d94b86ded43b411e94575a42cb55a},"Ввод начальных остатков 000000001 от 13.03.2019 12:58:33"},
{20190313125833,C,
{2433d5d14c690,2482},1,1,2,2,7,I,"",0,
{"U"},""},
{20190313125919,C,
{2433d5d1bcb70,2687},1,1,2,2,5,I,"",0,
{"U"},""},
{20190313125919,U,
{2433d5d1bcb70,2687},1,1,2,2,6,I,"",6,
{"R",9:9a7d94b86ded43b411e94575a42cb55b},"Доход 000000001 от 13.03.2019 12:59:19"},
{20190313125919,U,
{2433d5d1bcb70,2687},1,1,2,2,10,I,"",6,
{"R",9:9a7d94b86ded43b411e94575a42cb55b},"Доход 000000001 от 13.03.2019 12:59:19"},
{20190313125919,C,
{2433d5d1bcb70,2687},1,1,2,2,7,I,"",0,
{"U"},""},
{20190313125949,C,
{2433d5d205f50,2848},1,1,2,2,5,I,"",0,
{"U"},""},
{20190313125949,U,
{2433d5d205f50,2848},1,1,2,2,6,I,"",6,
{"R",9:9a7d94b86ded43b411e94575a42cb55c},"Доход 000000002 от 13.03.2019 12:59:49"},
{20190313125949,U,
{2433d5d205f50,2848},1,1,2,2,10,I,"",6,
{"R",9:9a7d94b86ded43b411e94575a42cb55c},"Доход 000000002 от 13.03.2019 12:59:49"},
{20190313125949,C,
{2433d5d205f50,2848},1,1,2,2,7,I,"",0,
{"U"},""},
{20190313130019,C,
{2433d5d24f330,2a09},1,1,2,2,5,I,"",0,
{"U"},""},
{20190313130019,U,
{2433d5d24f330,2a09},1,1,2,2,6,I,"",6,
{"R",9:9a7d94b86ded43b411e94575a42cb55d},"Доход 000000003 от 13.03.2019 13:00:19"},
{20190313130019,U,
{2433d5d24f330,2a09},1,1,2,2,10,I,"",6,
{"R",9:9a7d94b86ded43b411e94575a42cb55d},"Доход 000000003 от 13.03.2019 13:00:19"},
{20190313130019,C,
{2433d5d24f330,2a09},1,1,2,2,7,I,"",0,
{"U"},""},
{20190313130104,N,
{0,0},1,1,2,2,4,I,"",0,
{"U"},""},
{20190313130121,N,
{0,0},1,1,1,1,2,I,"",0,
{"U"},""},
{20190313130129,N,
{0,0},1,1,1,1,3,I,"Объект изменен: Документ.Расход",0,
{"U"},""},
{20190313130130,N,
{0,0},1,1,2,3,1,I,"",0,
{"U"},""},
{20190313130203,C,
{2433d5d34d1b0,2ce8},1,1,2,3,5,I,"",0,
{"U"},""},
{20190313130203,U,
{2433d5d34d1b0,2ce8},1,1,2,3,6,I,"",7,
{"R",8:9a7d94b86ded43b411e945770cb3f446},"Расход 000000001 от 13.03.2019 13:02:03"},
{20190313130203,U,
{2433d5d34d1b0,2ce8},1,1,2,3,10,I,"",7,
{"R",8:9a7d94b86ded43b411e945770cb3f446},"Расход 000000001 от 13.03.2019 13:02:03"},
{20190313130203,C,
{2433d5d34d1b0,2ce8},1,1,2,3,7,I,"",0,
{"U"},""},
{20190313130229,C,
{2433d5d38c950,2ead},1,1,2,3,5,I,"",0,
{"U"},""},
{20190313130229,U,
{2433d5d38c950,2ead},1,1,2,3,6,I,"",7,
{"R",8:9a7d94b86ded43b411e945770cb3f447},"Расход 000000002 от 13.03.2019 13:02:29"},
{20190313130229,U,
{2433d5d38c950,2ead},1,1,2,3,10,I,"",7,
{"R",8:9a7d94b86ded43b411e945770cb3f447},"Расход 000000002 от 13.03.2019 13:02:29"},
{20190313130229,C,
{2433d5d38c950,2ead},1,1,2,3,7,I,"",0,
{"U"},""},
{20190313130254,C,
{2433d5d3c99e0,3072},1,1,2,3,5,I,"",0,
{"U"},""},
{20190313130254,U,
{2433d5d3c99e0,3072},1,1,2,3,6,I,"",7,
{"R",8:9a7d94b86ded43b411e945770cb3f448},"Расход 000000003 от 13.03.2019 13:02:54"},
{20190313130254,U,
{2433d5d3c99e0,3072},1,1,2,3,10,I,"",7,
{"R",8:9a7d94b86ded43b411e945770cb3f448},"Расход 000000003 от 13.03.2019 13:02:54"},
{20190313130254,C,
{2433d5d3c99e0,3072},1,1,2,3,7,I,"",0,
{"U"},""},
{20190313130317,C,
{2433d5d401c50,3237},1,1,2,3,5,I,"",0,
{"U"},""},
{20190313130317,U,
{2433d5d401c50,3237},1,1,2,3,8,I,"",7,
{"R",8:9a7d94b86ded43b411e945770cb3f448},"Расход 000000003 от 13.03.2019 13:03:17"},
{20190313130317,U,
{2433d5d401c50,3237},1,1,2,3,10,I,"",7,
{"R",8:9a7d94b86ded43b411e945770cb3f448},"Расход 000000003 от 13.03.2019 13:03:17"},
{20190313130317,C,
{2433d5d401c50,3237},1,1,2,3,7,I,"",0,
{"U"},""},
{20190313130344,C,
{2433d5d443b00,33fc},1,1,2,3,5,I,"",0,
{"U"},""},
{20190313130344,U,
{2433d5d443b00,33fc},1,1,2,3,6,I,"",8,
{"R",10:9a7d94b86ded43b411e945770cb3f449},"Перевод 000000001 от 13.03.2019 13:03:44"},
{20190313130344,U,
{2433d5d443b00,33fc},1,1,2,3,10,I,"",8,
{"R",10:9a7d94b86ded43b411e945770cb3f449},"Перевод 000000001 от 13.03.2019 13:03:44"},
{20190313130344,C,
{2433d5d443b00,33fc},1,1,2,3,7,I,"",0,
{"U"},""},
{20190313130429,N,
{0,0},1,1,2,3,4,I,"",0,
{"U"},""},
{20190313130457,N,
{0,0},1,1,1,1,2,I,"",0,
{"U"},""},
{20190313130457,N,
{0,0},1,1,1,1,3,I,"",0,
{"U"},""},
{20190313130458,N,
{0,0},1,1,2,4,1,I,"",0,
{"U"},""},
{20190313130518,N,
{0,0},1,1,2,4,4,I,"",0,
{"U"},""},
{20190313130604,N,
{0,0},1,1,1,1,2,I,"",0,
{"U"},""},
{20190313130604,N,
{0,0},1,1,1,1,3,I,"",0,
{"U"},""},
{20190313130605,N,
{0,0},1,1,2,5,1,I,"",0,
{"U"},""},
{20190313130629,N,
{0,0},1,1,2,5,4,I,"",0,
{"U"},""},
{20190313130700,N,
{0,0},1,1,1,1,2,I,"",0,
{"U"},""},
{20190313130700,N,
{0,0},1,1,1,1,3,I,"",0,
{"U"},""},
{20190313130701,N,
{0,0},1,1,2,6,1,I,"",0,
{"U"},""},
{20190313130718,N,
{0,0},1,1,2,6,4,I,"",0,
{"U"},""},
{20190313131002,N,
{0,0},1,1,1,1,2,I,"",0,
{"U"},""},
{20190313131002,N,
{0,0},1,1,1,1,3,I,"",0,
{"U"},""},
{20190313131002,N,
{0,0},1,1,2,7,1,I,"",0,
{"U"},""},
{20190313131019,N,
{0,0},1,1,2,7,4,I,"",0,
{"U"},""},
{20190313131020,N,
{0,0},1,1,1,1,2,I,"",0,
{"U"},""},
{20190313131402,N,
{0,0},1,1,1,1,2,I,"",0,
{"U"},""},
{20190313131406,N,
{0,0},1,1,1,1,3,I,"",0,
{"U"},""},
{20190313131407,N,
{0,0},1,1,2,8,1,I,"",0,
{"U"},""},
{20190313131433,N,
{0,0},1,1,2,8,4,I,"",0,
{"U"},""},
{20190313131525,N,
{0,0},1,1,1,1,2,I,"",0,
{"U"},""},
{20190313131528,N,
{0,0},1,1,1,1,3,I,"",0,
{"U"},""},
{20190313131529,N,
{0,0},1,1,2,9,1,I,"",0,
{"U"},""},
{20190313131601,N,
{0,0},1,1,2,9,4,I,"",0,
{"U"},""},
{20190313131602,N,
{0,0},1,1,1,1,4,I,"",0,
{"U"},""},
{20190313131607,N,
{0,0},1,1,1,1,1,I,"",0,
{"U"},""},
{20190313131724,N,
{0,0},1,1,1,1,2,I,"",0,
{"U"},""},
{20190313131724,N,
{0,0},1,1,1,1,3,I,"",0,
{"U"},""},
{20190313131725,N,
{0,0},1,1,2,2,1,I,"",0,
{"U"},""},
{20190313131742,N,
{0,0},1,1,2,2,4,I,"",0,
{"U"},""},
{20190313132117,N,
{0,0},1,1,1,1,2,I,"",0,
{"U"},""},
{20190313132315,N,
{0,0},1,1,1,1,2,I,"",0,
{"U"},""},
{20190313132338,N,
{0,0},1,1,1,1,2,I,"",0,
{"U"},""},
{20190313132342,N,
{0,0},1,1,1,1,3,I,"",0,
{"U"},""},
{20190313132343,N,
{0,0},1,1,2,3,1,I,"",0,
{"U"},""},
{20190313132410,N,
{0,0},1,1,2,3,4,I,"",0,
{"U"},""},
{20190313132610,N,
{0,0},1,1,1,1,2,I,"",0,
{"U"},""},
{20190313132611,N,
{0,0},1,1,1,1,4,I,"",0,
{"U"},""},
{20190320115433,N,
{0,0},1,1,1,1,1,I,"",0,
{"U"},""},
{20190320115453,N,
{0,0},1,1,1,1,3,I,"",0,
{"U"},""},
{20190320115454,N,
{0,0},1,1,2,2,1,I,"",0,
{"U"},""},
{20190320115514,N,
{0,0},1,1,2,2,4,I,"",0,
{"U"},""},
{20190320115521,N,
{0,0},1,1,2,3,1,I,"",0,
{"U"},""},
{20190320115530,N,
{0,0},1,1,2,3,4,I,"",0,
{"U"},""},
{20190320115612,N,
{0,0},1,1,1,1,4,I,"",0,
{"U"},""},
{20190320115617,N,
{0,0},1,1,1,1,1,I,"",0,
{"U"},""},
{20190320115812,N,
{0,0},1,1,1,1,2,I,"",0,
{"U"},""},
{20190320115815,N,
{0,0},1,1,1,1,3,I,"",0,
{"U"},""},
{20190320115816,N,
{0,0},1,1,2,2,1,I,"",0,
{"U"},""},
{20190320115828,N,
{0,0},1,1,2,2,4,I,"",0,
{"U"},""},
{20190320115921,N,
{0,0},1,1,2,3,1,I,"",0,
{"U"},""},
{20190320115931,N,
{0,0},1,1,2,3,4,I,"",0,
{"U"},""},
{20190320120331,N,
{0,0},1,1,1,1,2,I,"",0,
{"U"},""},
{20190320120334,N,
{0,0},1,1,1,1,3,I,"",0,
{"U"},""},
{20190320120335,N,
{0,0},1,1,2,4,1,I,"",0,
{"U"},""},
{20190320120345,N,
{0,0},1,1,2,4,4,I,"",0,
{"U"},""},
{20190320120706,N,
{0,0},1,1,1,1,2,I,"",0,
{"U"},""},
{20190320120709,N,
{0,0},1,1,1,1,3,I,"",0,
{"U"},""},
{20190320120710,N,
{0,0},1,1,2,5,1,I,"",0,
{"U"},""},
{20190320120741,N,
{0,0},1,1,2,5,4,I,"",0,
{"U"},""},
{20190320120825,N,
{0,0},1,1,1,1,2,I,"",0,
{"U"},""},
{20190320120828,N,
{0,0},1,1,1,1,3,I,"",0,
{"U"},""},
{20190320120829,N,
{0,0},1,1,2,6,1,I,"",0,
{"U"},""},
{20190320120903,N,
{0,0},1,1,2,6,4,I,"",0,
{"U"},""},
{20190320121106,N,
{0,0},1,1,1,1,2,I,"",0,
{"U"},""},
{20190320121109,N,
{0,0},1,1,1,1,3,I,"",0,
{"U"},""},
{20190320121110,N,
{0,0},1,1,2,7,1,I,"",0,
{"U"},""},
{20190320121118,N,
{0,0},1,1,2,7,4,I,"",0,
{"U"},""},
{20190320121216,N,
{0,0},1,1,1,1,2,I,"",0,
{"U"},""},
{20190320121218,N,
{0,0},1,1,1,1,3,I,"",0,
{"U"},""},
{20190320121219,N,
{0,0},1,1,2,8,1,I,"",0,
{"U"},""},
{20190320121249,N,
{0,0},1,1,2,8,4,I,"",0,
{"U"},""},
{20190320121351,N,
{0,0},1,1,1,1,2,I,"",0,
{"U"},""},
{20190320121354,N,
{0,0},1,1,1,1,3,I,"",0,
{"U"},""},
{20190320121355,N,
{0,0},1,1,2,9,1,I,"",0,
{"U"},""},
{20190320121421,N,
{0,0},1,1,2,9,4,I,"",0,
{"U"},""},
{20190320121431,N,
{0,0},1,1,1,1,2,I,"",0,
{"U"},""},
{20190320121433,N,
{0,0},1,1,1,1,3,I,"",0,
{"U"},""},
{20190320121434,N,
{0,0},1,1,2,10,1,I,"",0,
{"U"},""},
{20190320121452,N,
{0,0},1,1,2,10,4,I,"",0,
{"U"},""},
{20190320121550,N,
{0,0},1,1,1,1,2,I,"",0,
{"U"},""},
{20190320121552,N,
{0,0},1,1,1,1,3,I,"",0,
{"U"},""},
{20190320121553,N,
{0,0},1,1,2,11,1,I,"",0,
{"U"},""},
{20190320121602,N,
{0,0},1,1,2,11,4,I,"",0,
{"U"},""},
{20190320121732,N,
{0,0},1,1,1,1,2,I,"",0,
{"U"},""},
{20190320121735,N,
{0,0},1,1,1,1,3,I,"",0,
{"U"},""},
{20190320121736,N,
{0,0},1,1,2,12,1,I,"",0,
{"U"},""},
{20190320121756,N,
{0,0},1,1,2,12,4,I,"",0,
{"U"},""},
{20190320121758,N,
{0,0},1,1,1,1,2,I,"",0,
{"U"},""},
{20190320122309,N,
{0,0},1,1,1,1,2,I,"",0,
{"U"},""},
{20190320122454,N,
{0,0},1,1,1,1,2,I,"",0,
{"U"},""},
{20190320122624,N,
{0,0},1,1,1,1,2,I,"",0,
{"U"},""},
{20190320122630,N,
{0,0},1,1,1,1,3,I,"",0,
{"U"},""},
{20190320122631,N,
{0,0},1,1,2,13,1,I,"",0,
{"U"},""},
{20190320122840,C,
{2433ec4805780,4b2e},1,1,2,13,5,I,"",0,
{"U"},""},
{20190320122840,U,
{2433ec4805780,4b2e},1,1,2,13,6,I,"",8,
{"R",10:9a8294b86ded43b411e94af28bb8910e},"Перевод 000000002 от 20.03.2019 12:28:40"},
{20190320122840,U,
{2433ec4805780,4b2e},1,1,2,13,10,I,"",8,
{"R",10:9a8294b86ded43b411e94af28bb8910e},"Перевод 000000002 от 20.03.2019 12:28:40"},
{20190320122840,C,
{2433ec4805780,4b2e},1,1,2,13,7,I,"",0,
{"U"},""},
{20190320122915,N,
{0,0},1,1,2,13,4,I,"",0,
{"U"},""},
{20190320122917,N,
{0,0},1,1,1,1,4,I,"",0,
{"U"},""}