1CV8LOG_
285a22b9-2f5e-44d9-80b9-51cd570e415f

{20181204142041,N,
{0,0},1,1,1,1,1,I,"",0,
{"U"},""},
{20181204142211,N,
{0,0},1,1,1,1,2,I,"",0,
{"U"},""},
{20181204142220,N,
{0,0},1,1,1,1,3,I,"Новый объект: Перечисление.Пол
Новый объект: Перечисление.ВидОбразования",0,
{"U"},""},
{20181204142221,N,
{0,0},1,1,2,2,1,I,"",0,
{"U"},""},
{20181204142223,N,
{0,0},1,1,2,2,4,I,"",0,
{"U"},""},
{20181204142253,N,
{0,0},1,1,1,1,2,I,"",0,
{"U"},""},
{20181204142403,N,
{0,0},1,1,1,1,2,I,"",0,
{"U"},""},
{20181204142443,N,
{0,0},1,1,1,1,2,I,"",0,
{"U"},""},
{20181204142552,N,
{0,0},1,1,1,1,2,I,"",0,
{"U"},""},
{20181204142754,N,
{0,0},1,1,1,1,2,I,"",0,
{"U"},""},
{20181204143203,N,
{0,0},1,1,1,1,2,I,"",0,
{"U"},""},
{20181204143441,N,
{0,0},1,1,1,1,2,I,"",0,
{"U"},""},
{20181204143627,N,
{0,0},1,1,1,1,2,I,"",0,
{"U"},""},
{20181204143852,N,
{0,0},1,1,1,1,2,I,"",0,
{"U"},""},
{20181204144442,N,
{0,0},1,1,1,1,2,I,"",0,
{"U"},""},
{20181204144452,N,
{0,0},1,1,1,1,2,I,"",0,
{"U"},""},
{20181204145201,N,
{0,0},1,1,1,1,1,I,"",0,
{"U"},""},
{20181204145302,N,
{0,0},1,1,1,1,2,I,"",0,
{"U"},""},
{20181204145441,N,
{0,0},1,1,1,1,2,I,"",0,
{"U"},""},
{20181204145836,N,
{0,0},1,1,1,1,2,I,"",0,
{"U"},""},
{20181204150221,N,
{0,0},1,1,1,1,2,I,"",0,
{"U"},""},
{20181204150403,N,
{0,0},1,1,1,1,2,I,"",0,
{"U"},""},
{20181204150409,N,
{0,0},1,1,1,1,2,I,"",0,
{"U"},""},
{20181204150417,N,
{0,0},1,1,1,1,4,I,"",0,
{"U"},""},
{20181205103343,N,
{0,0},1,1,1,1,1,I,"",0,
{"U"},""},
{20181205103637,N,
{0,0},1,1,1,1,2,I,"",0,
{"U"},""},
{20181205104114,N,
{0,0},1,1,1,1,2,I,"",0,
{"U"},""},
{20181205104506,N,
{0,0},1,1,1,1,2,I,"",0,
{"U"},""},
{20181205104642,N,
{0,0},1,1,1,1,2,I,"",0,
{"U"},""},
{20181205105040,N,
{0,0},1,1,1,1,2,I,"",0,
{"U"},""},
{20181205105438,N,
{0,0},1,1,1,1,2,I,"",0,
{"U"},""},
{20181205105616,N,
{0,0},1,1,1,1,2,I,"",0,
{"U"},""},
{20181205105753,N,
{0,0},1,1,1,1,2,I,"",0,
{"U"},""},
{20181205105810,N,
{0,0},1,1,1,1,2,I,"",0,
{"U"},""},
{20181205105823,N,
{0,0},1,1,1,1,2,I,"",0,
{"U"},""},
{20181205110011,N,
{0,0},1,1,1,1,2,I,"",0,
{"U"},""},
{20181205110021,N,
{0,0},1,1,1,1,2,I,"",0,
{"U"},""},
{20181205110033,N,
{0,0},1,1,1,1,2,I,"",0,
{"U"},""},
{20181205110122,N,
{0,0},1,1,1,1,2,I,"",0,
{"U"},""},
{20181205110235,N,
{0,0},1,1,1,1,2,I,"",0,
{"U"},""},
{20181205110335,N,
{0,0},1,1,1,1,2,I,"",0,
{"U"},""},
{20181205111206,N,
{0,0},1,1,1,1,2,I,"",0,
{"U"},""},
{20181205111312,N,
{0,0},1,1,1,1,2,I,"",0,
{"U"},""},
{20181205111326,N,
{0,0},1,1,1,1,2,I,"",0,
{"U"},""},
{20181205111327,N,
{0,0},1,1,1,1,2,I,"",0,
{"U"},""},
{20181205111346,N,
{0,0},1,1,1,1,4,I,"",0,
{"U"},""},
{20181207081027,N,
{0,0},1,1,1,1,1,I,"",0,
{"U"},""},
{20181207085032,N,
{0,0},1,1,1,1,4,I,"",0,
{"U"},""},
{20181207120203,N,
{0,0},1,1,1,1,1,I,"",0,
{"U"},""},
{20181207120311,N,
{0,0},1,1,1,1,3,I,"Новый объект: Справочник.Работодатели
Новый объект: Справочник.Соискатели
Новый объект: Справочник.Резюме
Новый объект: Справочник.Вакансии
Новый объект: Перечисление.ГрафикРаботы
Новый объект: Перечисление.ТребуемыеРаботники",0,
{"U"},""},
{20181207120313,N,
{0,0},1,1,2,2,1,I,"",0,
{"U"},""},
{20181207120350,N,
{0,0},1,1,2,2,4,I,"",0,
{"U"},""},
{20181207120411,N,
{0,0},1,1,2,3,1,I,"",0,
{"U"},""},
{20181207120454,N,
{0,0},1,1,2,3,4,I,"",0,
{"U"},""},
{20181207120630,N,
{0,0},1,1,2,4,1,I,"",0,
{"U"},""},
{20181207120801,N,
{0,0},1,1,2,4,4,I,"",0,
{"U"},""},
{20181207120928,N,
{0,0},1,1,1,1,2,I,"",0,
{"U"},""},
{20181207120928,N,
{0,0},1,1,1,1,3,I,"",0,
{"U"},""},
{20181207120929,N,
{0,0},1,1,2,5,1,I,"",0,
{"U"},""},
{20181207121018,N,
{0,0},1,1,2,5,4,I,"",0,
{"U"},""},
{20181207121159,N,
{0,0},1,1,1,1,2,I,"",0,
{"U"},""},
{20181207121341,N,
{0,0},1,1,1,1,2,I,"",0,
{"U"},""},
{20181207121353,N,
{0,0},1,1,1,1,3,I,"Объект изменен: Справочник.Работодатели
Объект изменен: Справочник.Соискатели
Объект изменен: Справочник.Резюме
Объект изменен: Справочник.Вакансии",0,
{"U"},""},
{20181207121354,N,
{0,0},1,1,2,6,1,I,"",0,
{"U"},""},
{20181207121523,C,
{2432a0bb092b0,11ba},1,1,2,6,5,I,"",0,
{"U"},""},
{20181207121523,U,
{2432a0bb092b0,11ba},1,1,2,6,6,I,"",1,
{"R",4:9a5794b86ded43b411e8fa009fd6b979},"1"},
{20181207121523,C,
{2432a0bb092b0,11ba},1,1,2,6,7,I,"",0,
{"U"},""},
{20181207121643,C,
{2432a0bbcc7b0,12b6},1,1,2,6,5,I,"",0,
{"U"},""},
{20181207121643,U,
{2432a0bbcc7b0,12b6},1,1,2,6,6,I,"",2,
{"R",7:9a5794b86ded43b411e8fa009fd6b97a},"1"},
{20181207121643,C,
{2432a0bbcc7b0,12b6},1,1,2,6,7,I,"",0,
{"U"},""},
{20181207121647,N,
{0,0},1,1,2,6,4,I,"",0,
{"U"},""},
{20181207121701,N,
{0,0},1,1,1,1,2,I,"",0,
{"U"},""},
{20181207121703,N,
{0,0},1,1,1,1,3,I,"Объект изменен: Справочник.Вакансии",0,
{"U"},""},
{20181207121704,N,
{0,0},1,1,2,7,1,I,"",0,
{"U"},""},
{20181207121725,C,
{2432a0bc33050,14d8},1,1,2,7,5,I,"",0,
{"U"},""},
{20181207121725,U,
{2432a0bc33050,14d8},1,1,2,7,8,I,"",2,
{"R",7:9a5794b86ded43b411e8fa009fd6b97a},"1"},
{20181207121725,C,
{2432a0bc33050,14d8},1,1,2,7,7,I,"",0,
{"U"},""},
{20181207121828,C,
{2432a0bcccd40,15d4},1,1,2,7,5,I,"",0,
{"U"},""},
{20181207121828,U,
{2432a0bcccd40,15d4},1,1,2,7,6,I,"",3,
{"R",6:9a5794b86ded43b411e8fa010e1bf61f},"1"},
{20181207121828,C,
{2432a0bcccd40,15d4},1,1,2,7,7,I,"",0,
{"U"},""},
{20181207121831,N,
{0,0},1,1,2,7,4,I,"",0,
{"U"},""},
{20181207121928,N,
{0,0},1,1,1,1,2,I,"",0,
{"U"},""},
{20181207122007,N,
{0,0},1,1,1,1,3,I,"",0,
{"U"},""},
{20181207122008,N,
{0,0},1,1,2,8,1,I,"",0,
{"U"},""},
{20181207122042,C,
{2432a0be13fa0,17b4},1,1,2,8,5,I,"",0,
{"U"},""},
{20181207122042,U,
{2432a0be13fa0,17b4},1,1,2,8,8,I,"",3,
{"R",6:9a5794b86ded43b411e8fa010e1bf61f},"1"},
{20181207122042,C,
{2432a0be13fa0,17b4},1,1,2,8,7,I,"",0,
{"U"},""},
{20181207122141,C,
{2432a0bea4050,18b0},1,1,2,8,5,I,"",0,
{"U"},""},
{20181207122141,U,
{2432a0bea4050,18b0},1,1,2,8,6,I,"",4,
{"R",5:9a5794b86ded43b411e8fa018180de65},"1"},
{20181207122141,C,
{2432a0bea4050,18b0},1,1,2,8,7,I,"",0,
{"U"},""},
{20181207122226,C,
{2432a0bf11e20,19ac},1,1,2,8,5,I,"",0,
{"U"},""},
{20181207122226,U,
{2432a0bf11e20,19ac},1,1,2,8,8,I,"",2,
{"R",7:9a5794b86ded43b411e8fa009fd6b97a},"1"},
{20181207122226,C,
{2432a0bf11e20,19ac},1,1,2,8,7,I,"",0,
{"U"},""},
{20181207122421,C,
{2432a0c02aa50,1aa8},1,1,2,8,5,I,"",0,
{"U"},""},
{20181207122421,U,
{2432a0c02aa50,1aa8},1,1,2,8,6,I,"",1,
{"R",4:9a5794b86ded43b411e8fa018180de66},"<>"},
{20181207122421,C,
{2432a0c02aa50,1aa8},1,1,2,8,7,I,"",0,
{"U"},""},
{20181207122427,C,
{2432a0c0394b0,1ba5},1,1,2,8,5,I,"",0,
{"U"},""},
{20181207122427,U,
{2432a0c0394b0,1ba5},1,1,2,8,8,I,"",1,
{"R",4:9a5794b86ded43b411e8fa018180de66},"<>"},
{20181207122427,C,
{2432a0c0394b0,1ba5},1,1,2,8,7,I,"",0,
{"U"},""},
{20181207122429,N,
{0,0},1,1,2,8,4,I,"",0,
{"U"},""},
{20181207122512,N,
{0,0},1,1,1,1,2,I,"",0,
{"U"},""},
{20181207122640,N,
{0,0},1,1,1,1,2,I,"",0,
{"U"},""},
{20181207122655,N,
{0,0},1,1,1,1,3,I,"Объект изменен: Справочник.Работодатели
Объект изменен: Справочник.Соискатели
Объект изменен: Справочник.Резюме
Объект изменен: Справочник.Вакансии",0,
{"U"},""},
{20181207122656,N,
{0,0},1,1,2,9,1,I,"",0,
{"U"},""},
{20181207122724,C,
{2432a0c1e96c0,1ed5},1,1,2,9,5,I,"",0,
{"U"},""},
{20181207122724,U,
{2432a0c1e96c0,1ed5},1,1,2,9,8,I,"",2,
{"R",7:9a5794b86ded43b411e8fa009fd6b97a},"Программист"},
{20181207122724,C,
{2432a0c1e96c0,1ed5},1,1,2,9,7,I,"",0,
{"U"},""},
{20181207122725,N,
{0,0},1,1,2,9,4,I,"",0,
{"U"},""},
{20181207122734,N,
{0,0},1,1,2,10,1,I,"",0,
{"U"},""},
{20181207122806,C,
{2432a0c24ff60,2059},1,1,2,10,5,I,"",0,
{"U"},""},
{20181207122806,U,
{2432a0c24ff60,2059},1,1,2,10,8,I,"",1,
{"R",4:9a5794b86ded43b411e8fa009fd6b979},"ООО Индастрис"},
{20181207122806,C,
{2432a0c24ff60,2059},1,1,2,10,7,I,"",0,
{"U"},""},
{20181207122822,N,
{0,0},1,1,2,10,4,I,"",0,
{"U"},""},
{20181207122900,N,
{0,0},1,1,1,1,2,I,"",0,
{"U"},""},
{20181207122953,N,
{0,0},1,1,1,1,2,I,"",0,
{"U"},""},
{20181207123157,N,
{0,0},1,1,1,1,2,I,"",0,
{"U"},""},
{20181207123243,N,
{0,0},1,1,1,1,2,I,"",0,
{"U"},""},
{20181207123521,N,
{0,0},1,1,1,1,2,I,"",0,
{"U"},""},
{20181207123543,N,
{0,0},1,1,1,1,3,I,"",0,
{"U"},""},
{20181207123544,N,
{0,0},1,1,2,11,1,I,"",0,
{"U"},""},
{20181207123654,C,
{2432a0c759060,233a},1,1,2,11,5,I,"",0,
{"U"},""},
{20181207123654,U,
{2432a0c759060,233a},1,1,2,11,6,I,"",2,
{"R",7:9a5794b86ded43b411e8fa03a14d8137},"Программист1С"},
{20181207123654,C,
{2432a0c759060,233a},1,1,2,11,7,I,"",0,
{"U"},""},
{20181207123700,N,
{0,0},1,1,2,11,4,I,"",0,
{"U"},""},
{20181207123702,N,
{0,0},1,1,1,1,4,I,"",0,
{"U"},""},
{20181207123709,N,
{0,0},1,1,1,1,1,I,"",0,
{"U"},""},
{20181207123727,N,
{0,0},1,1,1,1,2,I,"",0,
{"U"},""},
{20181207123728,N,
{0,0},1,1,1,1,3,I,"Объект удален: Перечисление.ТребуемыеРаботники",0,
{"U"},""},
{20181207123729,N,
{0,0},1,1,2,2,1,I,"",0,
{"U"},""},
{20181207123847,N,
{0,0},1,1,2,2,4,I,"",0,
{"U"},""},
{20181207123910,N,
{0,0},1,1,1,1,2,I,"",0,
{"U"},""},
{20181207123958,N,
{0,0},1,1,1,1,2,I,"",0,
{"U"},""},
{20181207124144,N,
{0,0},1,1,1,1,2,I,"",0,
{"U"},""},
{20181207124427,N,
{0,0},1,1,1,1,2,I,"",0,
{"U"},""},
{20181207124517,N,
{0,0},1,1,1,1,3,I,"Новый объект: Справочник.Должность
Объект изменен: Справочник.Вакансии",0,
{"U"},""},
{20181207124518,N,
{0,0},1,1,2,3,1,I,"",0,
{"U"},""},
{20181207124538,C,
{2432a0cc58520,2813},1,1,2,3,5,I,"",0,
{"U"},""},
{20181207124538,U,
{2432a0cc58520,2813},1,1,2,3,6,I,"",5,
{"R",50:9a5794b86ded43b411e8fa04d9bb01cb},"Программист 1С"},
{20181207124538,C,
{2432a0cc58520,2813},1,1,2,3,7,I,"",0,
{"U"},""},
{20181207124557,C,
{2432a0cc86b50,2929},1,1,2,3,5,I,"",0,
{"U"},""},
{20181207124557,U,
{2432a0cc86b50,2929},1,1,2,3,8,I,"",2,
{"R",7:9a5794b86ded43b411e8fa009fd6b97a},"Программист"},
{20181207124557,C,
{2432a0cc86b50,2929},1,1,2,3,7,I,"",0,
{"U"},""},
{20181207124607,C,
{2432a0cc9f1f0,2a3a},1,1,2,3,5,I,"",0,
{"U"},""},
{20181207124607,U,
{2432a0cc9f1f0,2a3a},1,1,2,3,8,I,"",2,
{"R",7:9a5794b86ded43b411e8fa03a14d8137},"Программист1С"},
{20181207124607,C,
{2432a0cc9f1f0,2a3a},1,1,2,3,7,I,"",0,
{"U"},""},
{20181207124610,C,
{2432a0cca6720,2b4e},1,1,2,3,5,I,"",0,
{"U"},""},
{20181207124610,U,
{2432a0cca6720,2b4e},1,1,2,3,8,I,"",2,
{"R",7:9a5794b86ded43b411e8fa009fd6b97a},"Программист"},
{20181207124610,C,
{2432a0cca6720,2b4e},1,1,2,3,7,I,"",0,
{"U"},""},
{20181207124620,C,
{2432a0ccbedc0,2c5f},1,1,2,3,5,I,"",0,
{"U"},""},
{20181207124620,U,
{2432a0ccbedc0,2c5f},1,1,2,3,6,I,"",2,
{"R",7:9a5794b86ded43b411e8fa04d9bb01cc},"<>"},
{20181207124620,C,
{2432a0ccbedc0,2c5f},1,1,2,3,7,I,"",0,
{"U"},""},
{20181207124642,N,
{0,0},1,1,2,3,4,I,"",0,
{"U"},""},
{20181207124948,N,
{0,0},1,1,1,1,2,I,"",0,
{"U"},""},
{20181207124956,N,
{0,0},1,1,1,1,3,I,"",0,
{"U"},""},
{20181207124957,N,
{0,0},1,1,2,4,1,I,"",0,
{"U"},""},
{20181207125016,N,
{0,0},1,1,2,4,9,E,"{Справочник.Вакансии.Форма.Вакансия(8)}: Поле объекта недоступно для записи (ПолеВвода1)",0,
{"U"},""},
{20181207125025,N,
{0,0},1,1,2,4,4,I,"",0,
{"U"},""},
{20181207125033,N,
{0,0},1,1,1,1,2,I,"",0,
{"U"},""},
{20181207125038,N,
{0,0},1,1,1,1,3,I,"",0,
{"U"},""},
{20181207125038,N,
{0,0},1,1,2,5,1,I,"",0,
{"U"},""},
{20181207125051,N,
{0,0},1,1,2,5,9,E,"{Справочник.Вакансии.Форма.Вакансия(8)}: Поле объекта недоступно для записи (ПолеВвода1)",0,
{"U"},""},
{20181207125103,N,
{0,0},1,1,2,5,4,I,"",0,
{"U"},""},
{20181207125220,N,
{0,0},1,1,1,1,2,I,"",0,
{"U"},""},
{20181207125226,N,
{0,0},1,1,1,1,3,I,"",0,
{"U"},""},
{20181207125227,N,
{0,0},1,1,2,6,1,I,"",0,
{"U"},""},
{20181207125240,N,
{0,0},1,1,2,6,9,E,"{Справочник.Вакансии.Форма.Вакансия(8)}: Поле объекта недоступно для записи (ПолеВвода1)",0,
{"U"},""},
{20181207125309,N,
{0,0},1,1,2,6,4,I,"",0,
{"U"},""},
{20181207125431,N,
{0,0},1,1,1,1,2,I,"",0,
{"U"},""},
{20181207125434,N,
{0,0},1,1,1,1,3,I,"",0,
{"U"},""},
{20181207125435,N,
{0,0},1,1,2,7,1,I,"",0,
{"U"},""},
{20181207125456,N,
{0,0},1,1,2,7,9,E,"{Справочник.Вакансии.Форма.Вакансия(8)}: Поле объекта недоступно для записи (ПолеВвода1)",0,
{"U"},""},
{20181207125506,N,
{0,0},1,1,2,7,4,I,"",0,
{"U"},""},
{20181207125611,N,
{0,0},1,1,1,1,2,I,"",0,
{"U"},""},
{20181207125619,N,
{0,0},1,1,1,1,3,I,"",0,
{"U"},""},
{20181207125620,N,
{0,0},1,1,2,8,1,I,"",0,
{"U"},""},
{20181207125637,N,
{0,0},1,1,2,8,4,I,"",0,
{"U"},""},
{20181207125658,N,
{0,0},1,1,1,1,2,I,"",0,
{"U"},""},
{20181207125704,N,
{0,0},1,1,1,1,3,I,"",0,
{"U"},""},
{20181207125705,N,
{0,0},1,1,2,9,1,I,"",0,
{"U"},""},
{20181207125721,N,
{0,0},1,1,2,9,9,E,"{Справочник.Вакансии.Форма.Вакансия(8)}: Поле объекта недоступно для записи (ПолеВвода1)",0,
{"U"},""},
{20181207125742,N,
{0,0},1,1,2,9,4,I,"",0,
{"U"},""},
{20181207125835,N,
{0,0},1,1,1,1,2,I,"",0,
{"U"},""},
{20181207125839,N,
{0,0},1,1,1,1,3,I,"",0,
{"U"},""},
{20181207125840,N,
{0,0},1,1,2,10,1,I,"",0,
{"U"},""},
{20181207125854,N,
{0,0},1,1,2,10,9,E,"{Справочник.Вакансии.Форма.Вакансия(8)}: Поле объекта не обнаружено (ПолеВвода1)",0,
{"U"},""},
{20181207125859,N,
{0,0},1,1,2,10,4,I,"",0,
{"U"},""},
{20181207130028,N,
{0,0},1,1,1,1,2,I,"",0,
{"U"},""},
{20181207130048,N,
{0,0},1,1,1,1,2,I,"",0,
{"U"},""},
{20181207130055,N,
{0,0},1,1,1,1,2,I,"",0,
{"U"},""},
{20181207130055,N,
{0,0},1,1,1,1,3,I,"",0,
{"U"},""},
{20181207130056,N,
{0,0},1,1,2,11,1,I,"",0,
{"U"},""},
{20181207130139,C,
{2432a0d582830,39ed},1,1,2,11,5,I,"",0,
{"U"},""},
{20181207130139,U,
{2432a0d582830,39ed},1,1,2,11,6,I,"",2,
{"R",7:9a5794b86ded43b411e8fa07169c2494},"Программист"},
{20181207130139,C,
{2432a0d582830,39ed},1,1,2,11,7,I,"",0,
{"U"},""},
{20181207130248,N,
{0,0},1,1,2,11,4,I,"",0,
{"U"},""},
{20181207130320,N,
{0,0},1,1,1,1,2,I,"",0,
{"U"},""},
{20181207130907,N,
{0,0},1,1,1,1,3,I,"",0,
{"U"},""},
{20181207130908,N,
{0,0},1,1,2,12,1,I,"",0,
{"U"},""},
{20181207130953,C,
{2432a0da38910,3be7},1,1,2,12,5,I,"",0,
{"U"},""},
{20181207130953,U,
{2432a0da38910,3be7},1,1,2,12,6,I,"",1,
{"R",4:9a5794b86ded43b411e8fa083d0ad5d1},"Инд"},
{20181207130953,C,
{2432a0da38910,3be7},1,1,2,12,7,I,"",0,
{"U"},""},
{20181207131017,C,
{2432a0da73290,3ceb},1,1,2,12,5,I,"",0,
{"U"},""},
{20181207131017,U,
{2432a0da73290,3ceb},1,1,2,12,6,I,"",5,
{"R",50:9a5794b86ded43b411e8fa083d0ad5d2},"Бухгалтер"},
{20181207131017,C,
{2432a0da73290,3ceb},1,1,2,12,7,I,"",0,
{"U"},""},
{20181207131155,N,
{0,0},1,1,2,12,4,I,"",0,
{"U"},""},
{20181207131245,N,
{0,0},1,1,1,1,2,I,"",0,
{"U"},""},
{20181207131325,N,
{0,0},1,1,1,1,2,I,"",0,
{"U"},""},
{20181207131459,N,
{0,0},1,1,1,1,2,I,"",0,
{"U"},""},
{20181207131527,N,
{0,0},1,1,1,1,2,I,"",0,
{"U"},""},
{20181207131616,N,
{0,0},1,1,1,1,2,I,"",0,
{"U"},""},
{20181207131643,N,
{0,0},1,1,1,1,3,I,"Объект изменен: Справочник.Резюме
Объект изменен: Справочник.Должности",0,
{"U"},""},
{20181207131644,N,
{0,0},1,1,2,13,1,I,"",0,
{"U"},""},
{20181207131747,C,
{2432a0debdcb0,404a},1,1,2,13,5,I,"",0,
{"U"},""},
{20181207131747,U,
{2432a0debdcb0,404a},1,1,2,13,6,I,"",4,
{"R",5:9a5794b86ded43b411e8fa095761eec4},"Иванов Иван Иванович"},
{20181207131747,C,
{2432a0debdcb0,404a},1,1,2,13,7,I,"",0,
{"U"},""},
{20181207131753,C,
{2432a0decc710,416e},1,1,2,13,5,I,"",0,
{"U"},""},
{20181207131753,U,
{2432a0decc710,416e},1,1,2,13,8,I,"",4,
{"R",5:9a5794b86ded43b411e8fa018180de65},"1"},
{20181207131753,C,
{2432a0decc710,416e},1,1,2,13,7,I,"",0,
{"U"},""},
{20181207131756,N,
{0,0},1,1,2,13,4,I,"",0,
{"U"},""},
{20181207132008,N,
{0,0},1,1,1,1,2,I,"",0,
{"U"},""},
{20181207132108,N,
{0,0},1,1,1,1,2,I,"",0,
{"U"},""},
{20181207132238,N,
{0,0},1,1,1,1,2,I,"",0,
{"U"},""},
{20181207132246,N,
{0,0},1,1,1,1,3,I,"Объект изменен: Справочник.Соискатели",0,
{"U"},""},
{20181207132247,N,
{0,0},1,1,2,14,1,I,"",0,
{"U"},""},
{20181207132358,N,
{0,0},1,1,2,14,4,I,"",0,
{"U"},""},
{20181207132400,N,
{0,0},1,1,1,1,2,I,"",0,
{"U"},""},
{20181207132402,N,
{0,0},1,1,1,1,4,I,"",0,
{"U"},""},
{20181221093656,N,
{0,0},1,1,1,1,1,I,"",0,
{"U"},""},
{20181221093812,N,
{0,0},1,1,1,1,4,I,"",0,
{"U"},""},
{20190220120253,N,
{0,0},1,1,2,1,1,I,"",0,
{"U"},""},
{20190220120301,N,
{0,0},1,1,2,1,4,I,"",0,
{"U"},""}