1CV8LOG_
c355044a-8ba1-49bd-9db5-c5503692189b

{20190123120415,N,
{0,0},1,1,1,1,1,I,"",0,
{"U"},""},
{20190123121747,N,
{0,0},1,1,1,1,2,I,"",0,
{"U"},""},
{20190123121923,N,
{0,0},1,1,1,1,2,I,"",0,
{"U"},""},
{20190123123151,N,
{0,0},1,1,1,1,2,I,"",0,
{"U"},""},
{20190123123608,N,
{0,0},1,1,1,1,2,I,"",0,
{"U"},""},
{20190123123613,N,
{0,0},1,1,1,1,2,I,"",0,
{"U"},""},
{20190123123732,N,
{0,0},1,1,1,1,2,I,"",0,
{"U"},""},
{20190123123941,N,
{0,0},1,1,1,1,2,I,"",0,
{"U"},""},
{20190123124250,N,
{0,0},1,1,1,1,2,I,"",0,
{"U"},""},
{20190123124301,N,
{0,0},1,1,1,1,2,I,"",0,
{"U"},""},
{20190123124338,N,
{0,0},1,1,1,1,2,I,"",0,
{"U"},""},
{20190123124343,N,
{0,0},1,1,1,1,3,I,"Новый объект: Справочник.Уволенные
Новый объект: Справочник.КадровыеДанные
Новый объект: Справочник.Сотрудники
Новый объект: Справочник.Работающие",0,
{"U"},""},
{20190123124344,N,
{0,0},1,1,2,2,1,I,"",0,
{"U"},""},
{20190123124422,N,
{0,0},1,1,2,2,4,I,"",0,
{"U"},""},
{20190123124436,N,
{0,0},1,1,1,1,2,I,"",0,
{"U"},""},
{20190123124442,N,
{0,0},1,1,1,1,3,I,"Объект изменен: Справочник.Сотрудники",0,
{"U"},""},
{20190123124443,N,
{0,0},1,1,2,3,1,I,"",0,
{"U"},""},
{20190123124453,N,
{0,0},1,1,2,3,4,I,"",0,
{"U"},""},
{20190123124625,N,
{0,0},1,1,1,1,2,I,"",0,
{"U"},""},
{20190123124625,N,
{0,0},1,1,1,1,3,I,"",0,
{"U"},""},
{20190123124626,N,
{0,0},1,1,2,4,1,I,"",0,
{"U"},""},
{20190123124641,N,
{0,0},1,1,2,4,4,I,"",0,
{"U"},""},
{20190123124817,N,
{0,0},1,1,1,1,2,I,"",0,
{"U"},""},
{20190123124819,N,
{0,0},1,1,1,1,3,I,"Объект изменен: Справочник.Сотрудники
Объект удален: Справочник.КадровыеДанные
Объект удален: Справочник.Сотрудники
Объект удален: Справочник.Работающие",0,
{"U"},""},
{20190123124820,N,
{0,0},1,1,2,5,1,I,"",0,
{"U"},""},
{20190123124842,C,
{24333814e80a0,83d},1,1,2,5,5,I,"",0,
{"U"},""},
{20190123124842,U,
{24333814e80a0,83d},1,1,2,5,6,I,"",1,
{"R",1:9a6294b86ded43b411e91ef41091f8e3},"Работающие"},
{20190123124842,C,
{24333814e80a0,83d},1,1,2,5,7,I,"",0,
{"U"},""},
{20190123124849,C,
{24333814f9210,949},1,1,2,5,5,I,"",0,
{"U"},""},
{20190123124849,U,
{24333814f9210,949},1,1,2,5,6,I,"",1,
{"R",1:9a6294b86ded43b411e91ef41091f8e4},"Уволенные"},
{20190123124849,C,
{24333814f9210,949},1,1,2,5,7,I,"",0,
{"U"},""},
{20190123124851,N,
{0,0},1,1,2,5,4,I,"",0,
{"U"},""},
{20190123125246,N,
{0,0},1,1,1,1,2,I,"",0,
{"U"},""},
{20190123125328,N,
{0,0},1,1,1,1,2,I,"",0,
{"U"},""},
{20190123125435,N,
{0,0},1,1,1,1,2,I,"",0,
{"U"},""},
{20190123125453,N,
{0,0},1,1,1,1,3,I,"Новый объект: Справочник.КадровыеДанные
Новый объект: Справочник.Документ",0,
{"U"},""},
{20190123125454,N,
{0,0},1,1,2,6,1,I,"",0,
{"U"},""},
{20190123125504,N,
{0,0},1,1,2,6,4,I,"",0,
{"U"},""},
{20190123125615,N,
{0,0},1,1,1,1,2,I,"",0,
{"U"},""},
{20190123125730,N,
{0,0},1,1,1,1,2,I,"",0,
{"U"},""},
{20190123125830,N,
{0,0},1,1,1,1,2,I,"",0,
{"U"},""},
{20190123125926,N,
{0,0},1,1,1,1,2,I,"",0,
{"U"},""},
{20190123130204,N,
{0,0},1,1,1,1,2,I,"",0,
{"U"},""},
{20190123130437,N,
{0,0},1,1,1,1,2,I,"",0,
{"U"},""},
{20190123130557,N,
{0,0},1,1,1,1,2,I,"",0,
{"U"},""},
{20190123131916,N,
{0,0},1,1,1,1,2,I,"",0,
{"U"},""},
{20190123132031,N,
{0,0},1,1,1,1,2,I,"",0,
{"U"},""},
{20190123132117,N,
{0,0},1,1,1,1,2,I,"",0,
{"U"},""},
{20190123132125,N,
{0,0},1,1,1,1,2,I,"",0,
{"U"},""},
{20190123132341,N,
{0,0},1,1,1,1,2,I,"",0,
{"U"},""},
{20190123132359,N,
{0,0},1,1,1,1,2,I,"",0,
{"U"},""},
{20190123132422,N,
{0,0},1,1,1,1,2,I,"",0,
{"U"},""},
{20190123132624,N,
{0,0},1,1,1,1,2,I,"",0,
{"U"},""},
{20190123132657,N,
{0,0},1,1,1,1,2,I,"",0,
{"U"},""},
{20190123132700,N,
{0,0},1,1,1,1,4,I,"",0,
{"U"},""},
{20190130115959,N,
{0,0},1,1,1,1,1,I,"",0,
{"U"},""},
{20190130120313,N,
{0,0},1,1,1,1,2,I,"",0,
{"U"},""},
{20190130121255,N,
{0,0},1,1,1,1,2,I,"",0,
{"U"},""},
{20190130121611,N,
{0,0},1,1,1,1,2,I,"",0,
{"U"},""},
{20190130121835,N,
{0,0},1,1,1,1,2,I,"",0,
{"U"},""},
{20190130121914,N,
{0,0},1,1,1,1,2,I,"",0,
{"U"},""},
{20190130122157,N,
{0,0},1,1,1,1,2,I,"",0,
{"U"},""},
{20190130122612,N,
{0,0},1,1,1,1,2,I,"",0,
{"U"},""},
{20190130122941,N,
{0,0},1,1,1,1,2,I,"",0,
{"U"},""},
{20190130123434,N,
{0,0},1,1,1,1,2,I,"",0,
{"U"},""},
{20190130123544,N,
{0,0},1,1,1,1,2,I,"",0,
{"U"},""},
{20190130123726,N,
{0,0},1,1,1,1,2,I,"",0,
{"U"},""},
{20190130123807,N,
{0,0},1,1,1,1,2,I,"",0,
{"U"},""},
{20190130124359,N,
{0,0},1,1,1,1,2,I,"",0,
{"U"},""},
{20190130124551,N,
{0,0},1,1,1,1,2,I,"",0,
{"U"},""},
{20190130124703,N,
{0,0},1,1,1,1,2,I,"",0,
{"U"},""},
{20190130124847,N,
{0,0},1,1,1,1,2,I,"",0,
{"U"},""},
{20190130124908,N,
{0,0},1,1,1,1,2,I,"",0,
{"U"},""},
{20190130125700,N,
{0,0},1,1,1,1,2,I,"",0,
{"U"},""},
{20190130125706,N,
{0,0},1,1,1,1,3,I,"Новый объект: Документ.ПриёмНаРаботу
Новый объект: Документ.КадровоеПеремещение
Новый объект: Документ.Отпуск
Новый объект: ЖурналДокументов.КадровыеДокументы
Новый объект: Перечисление.Докумет
Новый объект: Перечисление.Страна
Новый объект: Перечисление.Регион
Новый объект: Перечисление.График
Новый объект: Перечисление.Объект
Новый объект: Перечисление.Должности
Новый объект: Перечисление.ИспытательныйСрок
Новый объект: Перечисление.Категории
Новый объект: Перечисление.Разряд
Объект изменен: Справочник.КадровыеДанные
Объект удален: Справочник.Документ",0,
{"U"},""},
{20190130125707,N,
{0,0},1,1,2,2,1,I,"",0,
{"U"},""},
{20190130125753,N,
{0,0},1,1,2,2,4,I,"",0,
{"U"},""},
{20190130125845,N,
{0,0},1,1,1,1,2,I,"",0,
{"U"},""},
{20190130125850,N,
{0,0},1,1,1,1,3,I,"Объект изменен: Справочник.Сотрудники",0,
{"U"},""},
{20190130125851,N,
{0,0},1,1,2,3,1,I,"",0,
{"U"},""},
{20190130125905,N,
{0,0},1,1,2,3,4,I,"",0,
{"U"},""},
{20190130130008,N,
{0,0},1,1,1,1,2,I,"",0,
{"U"},""},
{20190130130011,N,
{0,0},1,1,1,1,3,I,"",0,
{"U"},""},
{20190130130012,N,
{0,0},1,1,2,4,1,I,"",0,
{"U"},""},
{20190130130121,C,
{24334ea3f7910,1b12},1,1,2,4,5,I,"",0,
{"U"},""},
{20190130130121,U,
{24334ea3f7910,1b12},1,1,2,4,6,I,"",1,
{"R",1:9a6394b86ded43b411e92475fe497bc5},"Хлебонасущениский Полиемфт Харламович"},
{20190130130121,C,
{24334ea3f7910,1b12},1,1,2,4,7,I,"",0,
{"U"},""},
{20190130130201,C,
{24334ea459390,1c55},1,1,2,4,5,I,"",0,
{"U"},""},
{20190130130201,U,
{24334ea459390,1c55},1,1,2,4,6,I,"",1,
{"R",1:9a6394b86ded43b411e92475fe497bc6},"Ковров Сергей Антонович"},
{20190130130201,C,
{24334ea459390,1c55},1,1,2,4,7,I,"",0,
{"U"},""},
{20190130130255,C,
{24334ea4dd0f0,1d7c},1,1,2,4,5,I,"",0,
{"U"},""},
{20190130130255,U,
{24334ea4dd0f0,1d7c},1,1,2,4,6,I,"",1,
{"R",1:9a6394b86ded43b411e92475fe497bc7},"Чечевинский Николай Яковлевич"},
{20190130130255,C,
{24334ea4dd0f0,1d7c},1,1,2,4,7,I,"",0,
{"U"},""},
{20190130130422,C,
{24334ea5b1760,1eaf},1,1,2,4,5,I,"",0,
{"U"},""},
{20190130130422,U,
{24334ea5b1760,1eaf},1,1,2,4,6,I,"",1,
{"R",1:9a6394b86ded43b411e92475fe497bc8},"Михалков Антоно Сергеевич"},
{20190130130422,C,
{24334ea5b1760,1eaf},1,1,2,4,7,I,"",0,
{"U"},""},
{20190130130606,C,
{24334ea6af5e0,1fda},1,1,2,4,5,I,"",0,
{"U"},""},
{20190130130606,U,
{24334ea6af5e0,1fda},1,1,2,4,6,I,"",2,
{"R",32:9a6394b86ded43b411e92475fe497bc9},"Приём на работу 000000001 от 30.01.2019 13:06:06"},
{20190130130606,U,
{24334ea6af5e0,1fda},1,1,2,4,8,I,"",2,
{"R",32:9a6394b86ded43b411e92475fe497bc9},"Приём на работу 000000001 от 30.01.2019 13:06:06"},
{20190130130606,C,
{24334ea6af5e0,1fda},1,1,2,4,7,I,"",0,
{"U"},""},
{20190130130646,N,
{0,0},1,1,2,4,4,I,"",0,
{"U"},""},
{20190130130823,N,
{0,0},1,1,1,1,2,I,"",0,
{"U"},""},
{20190130131155,N,
{0,0},1,1,1,1,2,I,"",0,
{"U"},""},
{20190130131321,N,
{0,0},1,1,1,1,2,I,"",0,
{"U"},""},
{20190130131444,N,
{0,0},1,1,1,1,2,I,"",0,
{"U"},""},
{20190130131627,N,
{0,0},1,1,1,1,2,I,"",0,
{"U"},""},
{20190130131901,N,
{0,0},1,1,1,1,2,I,"",0,
{"U"},""},
{20190130132337,N,
{0,0},1,1,1,1,2,I,"",0,
{"U"},""},
{20190130132428,N,
{0,0},1,1,1,1,2,I,"",0,
{"U"},""},
{20190130132440,N,
{0,0},1,1,1,1,2,I,"",0,
{"U"},""},
{20190130132455,N,
{0,0},1,1,1,1,2,I,"",0,
{"U"},""},
{20190130132459,N,
{0,0},1,1,1,1,4,I,"",0,
{"U"},""},
{20190206120410,N,
{0,0},1,1,1,1,1,I,"",0,
{"U"},""},
{20190206120550,N,
{0,0},1,1,1,1,2,I,"",0,
{"U"},""},
{20190206121159,N,
{0,0},1,1,1,1,2,I,"",0,
{"U"},""},
{20190206121516,N,
{0,0},1,1,1,1,2,I,"",0,
{"U"},""},
{20190206121555,N,
{0,0},1,1,1,1,2,I,"",0,
{"U"},""},
{20190206121746,N,
{0,0},1,1,1,1,2,I,"",0,
{"U"},""},
{20190206121839,N,
{0,0},1,1,1,1,2,I,"",0,
{"U"},""},
{20190206121845,N,
{0,0},1,1,1,1,2,I,"",0,
{"U"},""},
{20190206121851,N,
{0,0},1,1,1,1,2,I,"",0,
{"U"},""},
{20190206122330,N,
{0,0},1,1,1,1,2,I,"",0,
{"U"},""},
{20190206122451,N,
{0,0},1,1,1,1,2,I,"",0,
{"U"},""},
{20190206122753,N,
{0,0},1,1,1,1,2,I,"",0,
{"U"},""},
{20190206123735,N,
{0,0},1,1,1,1,2,I,"",0,
{"U"},""},
{20190206123750,N,
{0,0},1,1,1,1,2,I,"",0,
{"U"},""},
{20190206123813,N,
{0,0},1,1,1,1,2,I,"",0,
{"U"},""},
{20190206125203,N,
{0,0},1,1,1,1,2,I,"",0,
{"U"},""},
{20190206125213,N,
{0,0},1,1,1,1,3,I,"Новый объект: Документ.Увольнение
Новый объект: Документ.БольничныйЛист
Новый объект: РегистрНакопления.ПринятыеСотрудники
Новый объект: РегистрНакопления.УволенныеСотрудники
Объект изменен: Документ.КадровоеПеремещение
Объект изменен: Документ.Отпуск",0,
{"U"},""},
{20190206125214,N,
{0,0},1,1,2,2,1,I,"",0,
{"U"},""},
{20190206125311,C,
{243365271dc70,2a4c},1,1,2,2,5,I,"",0,
{"U"},""},
{20190206125311,U,
{243365271dc70,2a4c},1,1,2,2,6,I,"",2,
{"R",32:9a6594b86ded43b411e929f502ea47cc},"Приём на работу 000000002 от 06.02.2019 12:53:11"},
{20190206125311,U,
{243365271dc70,2a4c},1,1,2,2,8,I,"",2,
{"R",32:9a6594b86ded43b411e929f502ea47cc},"Приём на работу 000000002 от 06.02.2019 12:53:11"},
{20190206125311,C,
{243365271dc70,2a4c},1,1,2,2,7,I,"",0,
{"U"},""},
{20190206125329,N,
{0,0},1,1,2,2,4,I,"",0,
{"U"},""},
{20190206125412,N,
{0,0},1,1,1,1,2,I,"",0,
{"U"},""},
{20190206125412,N,
{0,0},1,1,1,1,3,I,"",0,
{"U"},""},
{20190206125413,N,
{0,0},1,1,2,3,1,I,"",0,
{"U"},""},
{20190206125435,C,
{24336527eadb0,2d16},1,1,2,3,5,I,"",0,
{"U"},""},
{20190206125435,U,
{24336527eadb0,2d16},1,1,2,3,6,I,"",2,
{"R",32:9a6594b86ded43b411e929f534daa7df},"Приём на работу 000000003 от 06.02.2019 12:54:35"},
{20190206125435,U,
{24336527eadb0,2d16},1,1,2,3,8,I,"",2,
{"R",32:9a6594b86ded43b411e929f534daa7df},"Приём на работу 000000003 от 06.02.2019 12:54:35"},
{20190206125435,C,
{24336527eadb0,2d16},1,1,2,3,7,I,"",0,
{"U"},""},
{20190206125455,C,
{243365281baf0,2efc},1,1,2,3,5,I,"",0,
{"U"},""},
{20190206125455,U,
{243365281baf0,2efc},1,1,2,3,6,I,"",1,
{"R",1:9a6594b86ded43b411e929f534daa7e0},"Чечевинский Николай Яковлевич"},
{20190206125455,C,
{243365281baf0,2efc},1,1,2,3,7,I,"",0,
{"U"},""},
{20190206125513,N,
{0,0},1,1,2,3,4,I,"",0,
{"U"},""},
{20190206125531,N,
{0,0},1,1,2,4,1,I,"",0,
{"U"},""},
{20190206125549,C,
{243365289f850,30a1},1,1,2,4,5,I,"",0,
{"U"},""},
{20190206125549,U,
{243365289f850,30a1},1,1,2,4,9,I,"",1,
{"R",1:9a6594b86ded43b411e929f534daa7e0},"Чечевинский Николай Яковлевич"},
{20190206125549,C,
{243365289f850,30a1},1,1,2,4,7,I,"",0,
{"U"},""},
{20190206125559,C,
{24336528b7ef0,31d4},1,1,2,4,5,I,"",0,
{"U"},""},
{20190206125559,U,
{24336528b7ef0,31d4},1,1,2,4,10,I,"",3,
{"R",32:9a6594b86ded43b411e929f534daa7df},""},
{20190206125559,U,
{24336528b7ef0,31d4},1,1,2,4,9,I,"",2,
{"R",32:9a6594b86ded43b411e929f534daa7df},"Приём на работу 000000003 от 06.02.2019 12:54:35"},
{20190206125559,C,
{24336528b7ef0,31d4},1,1,2,4,7,I,"",0,
{"U"},""},
{20190206130012,N,
{0,0},1,1,1,1,2,I,"",0,
{"U"},""},
{20190206130144,N,
{0,0},1,1,2,4,4,I,"",0,
{"U"},""},
{20190206130146,N,
{0,0},1,1,1,1,2,I,"",0,
{"U"},""},
{20190206130232,N,
{0,0},1,1,1,1,2,I,"",0,
{"U"},""},
{20190206130304,N,
{0,0},1,1,1,1,2,I,"",0,
{"U"},""},
{20190206130310,N,
{0,0},1,1,1,1,2,I,"",0,
{"U"},""},
{20190206130313,N,
{0,0},1,1,1,1,3,I,"Объект изменен: РегистрНакопления.ПринятыеСотрудники
Объект изменен: РегистрНакопления.УволенныеСотрудники",0,
{"U"},""},
{20190206130314,N,
{0,0},1,1,2,5,1,I,"",0,
{"U"},""},
{20190206130358,C,
{2433652d495e0,3610},1,1,2,5,5,I,"",0,
{"U"},""},
{20190206130358,U,
{2433652d495e0,3610},1,1,2,5,6,I,"",2,
{"R",32:9a6594b86ded43b411e929f68452c70e},"Приём на работу 000000003 от 06.02.2019 13:03:58"},
{20190206130358,U,
{2433652d495e0,3610},1,1,2,5,8,I,"",2,
{"R",32:9a6594b86ded43b411e929f68452c70e},"Приём на работу 000000003 от 06.02.2019 13:03:58"},
{20190206130358,C,
{2433652d495e0,3610},1,1,2,5,7,I,"",0,
{"U"},""},
{20190206130441,C,
{2433652db2590,37f6},1,1,2,5,5,I,"",0,
{"U"},""},
{20190206130442,U,
{2433652db2590,37f6},1,1,2,5,10,I,"",2,
{"R",32:9a6594b86ded43b411e929f502ea47cc},"Приём на работу 000000002 от 06.02.2019 13:04:41"},
{20190206130442,U,
{2433652db2590,37f6},1,1,2,5,8,I,"",2,
{"R",32:9a6594b86ded43b411e929f502ea47cc},"Приём на работу 000000002 от 06.02.2019 13:04:41"},
{20190206130442,C,
{2433652db2590,37f6},1,1,2,5,7,I,"",0,
{"U"},""},
{20190206130452,C,
{2433652dcd340,39dd},1,1,2,5,5,I,"",0,
{"U"},""},
{20190206130452,U,
{2433652dcd340,39dd},1,1,2,5,10,I,"",2,
{"R",32:9a6394b86ded43b411e92475fe497bc9},"Приём на работу 000000001 от 30.01.2019 13:06:06"},
{20190206130452,U,
{2433652dcd340,39dd},1,1,2,5,8,I,"",2,
{"R",32:9a6394b86ded43b411e92475fe497bc9},"Приём на работу 000000001 от 30.01.2019 13:06:06"},
{20190206130452,C,
{2433652dcd340,39dd},1,1,2,5,7,I,"",0,
{"U"},""},
{20190206130554,C,
{2433652e64920,3bc4},1,1,2,5,5,I,"",0,
{"U"},""},
{20190206130554,U,
{2433652e64920,3bc4},1,1,2,5,6,I,"",4,
{"R",103:9a6594b86ded43b411e929f68452c70f},"Увольнение 000000001 от 06.02.2019 13:05:54"},
{20190206130554,U,
{2433652e64920,3bc4},1,1,2,5,8,I,"",4,
{"R",103:9a6594b86ded43b411e929f68452c70f},"Увольнение 000000001 от 06.02.2019 13:05:54"},
{20190206130554,C,
{2433652e64920,3bc4},1,1,2,5,7,I,"",0,
{"U"},""},
{20190206130603,N,
{0,0},1,1,2,5,4,I,"",0,
{"U"},""},
{20190206130943,N,
{0,0},1,1,1,1,2,I,"",0,
{"U"},""},
{20190206130951,N,
{0,0},1,1,1,1,3,I,"",0,
{"U"},""},
{20190206130952,N,
{0,0},1,1,2,6,1,I,"",0,
{"U"},""},
{20190206131047,N,
{0,0},1,1,2,6,4,I,"",0,
{"U"},""},
{20190206131521,N,
{0,0},1,1,1,1,2,I,"",0,
{"U"},""},
{20190206131538,N,
{0,0},1,1,1,1,3,I,"",0,
{"U"},""},
{20190206131540,N,
{0,0},1,1,2,7,1,I,"",0,
{"U"},""},
{20190206131609,N,
{0,0},1,1,2,7,4,I,"",0,
{"U"},""},
{20190206131746,N,
{0,0},1,1,1,1,2,I,"",0,
{"U"},""},
{20190206131746,N,
{0,0},1,1,1,1,3,I,"",0,
{"U"},""},
{20190206131747,N,
{0,0},1,1,2,8,1,I,"",0,
{"U"},""},
{20190206131807,N,
{0,0},1,1,2,8,4,I,"",0,
{"U"},""},
{20190206131841,N,
{0,0},1,1,1,1,2,I,"",0,
{"U"},""},
{20190206131841,N,
{0,0},1,1,1,1,3,I,"",0,
{"U"},""},
{20190206131843,N,
{0,0},1,1,2,9,1,I,"",0,
{"U"},""},
{20190206132029,C,
{24336536bccd0,412c},1,1,2,9,5,I,"",0,
{"U"},""},
{20190206132029,U,
{24336536bccd0,412c},1,1,2,9,10,I,"",2,
{"R",32:9a6594b86ded43b411e929f502ea47cc},"Приём на работу 000000002 от 06.02.2019 13:20:29"},
{20190206132029,U,
{24336536bccd0,412c},1,1,2,9,8,I,"",2,
{"R",32:9a6594b86ded43b411e929f502ea47cc},"Приём на работу 000000002 от 06.02.2019 13:20:29"},
{20190206132029,C,
{24336536bccd0,412c},1,1,2,9,7,I,"",0,
{"U"},""},
{20190206132040,N,
{0,0},1,1,2,9,4,I,"",0,
{"U"},""},
{20190206132221,N,
{0,0},1,1,1,1,2,I,"",0,
{"U"},""},
{20190206132226,N,
{0,0},1,1,1,1,3,I,"",0,
{"U"},""},
{20190206132227,N,
{0,0},1,1,2,10,1,I,"",0,
{"U"},""},
{20190206132335,N,
{0,0},1,1,2,10,4,I,"",0,
{"U"},""},
{20190206132515,N,
{0,0},1,1,1,1,2,I,"",0,
{"U"},""},
{20190206132516,N,
{0,0},1,1,1,1,3,I,"",0,
{"U"},""},
{20190206132517,N,
{0,0},1,1,2,11,1,I,"",0,
{"U"},""},
{20190206132545,C,
{24336539c0490,44de},1,1,2,11,5,I,"",0,
{"U"},""},
{20190206132545,U,
{24336539c0490,44de},1,1,2,11,10,I,"",2,
{"R",32:9a6594b86ded43b411e929f502ea47cc},"Приём на работу 000000002 от 06.02.2019 13:25:45"},
{20190206132545,U,
{24336539c0490,44de},1,1,2,11,8,I,"",2,
{"R",32:9a6594b86ded43b411e929f502ea47cc},"Приём на работу 000000002 от 06.02.2019 13:25:45"},
{20190206132545,C,
{24336539c0490,44de},1,1,2,11,7,I,"",0,
{"U"},""},
{20190206132657,N,
{0,0},1,1,2,11,4,I,"",0,
{"U"},""},
{20190206132834,N,
{0,0},1,1,1,1,2,I,"",0,
{"U"},""},
{20190206132834,N,
{0,0},1,1,1,1,3,I,"",0,
{"U"},""},
{20190206132835,N,
{0,0},1,1,2,12,1,I,"",0,
{"U"},""},
{20190206132845,N,
{0,0},1,1,2,12,4,I,"",0,
{"U"},""},
{20190206132904,N,
{0,0},1,1,1,1,2,I,"",0,
{"U"},""},
{20190206132904,N,
{0,0},1,1,1,1,4,I,"",0,
{"U"},""},
{20190213115622,N,
{0,0},1,1,1,1,1,I,"",0,
{"U"},""},
{20190213120426,N,
{0,0},1,1,1,1,3,I,"",0,
{"U"},""},
{20190213120427,N,
{0,0},1,1,2,2,1,I,"",0,
{"U"},""},
{20190213120449,N,
{0,0},1,1,2,2,4,I,"",0,
{"U"},""},
{20190213120525,N,
{0,0},1,1,1,1,2,I,"",0,
{"U"},""},
{20190213120527,N,
{0,0},1,1,1,1,3,I,"",0,
{"U"},""},
{20190213120528,N,
{0,0},1,1,2,3,1,I,"",0,
{"U"},""},
{20190213120753,C,
{24337b9504890,49ea},1,1,2,3,5,I,"",0,
{"U"},""},
{20190213120753,U,
{24337b9504890,49ea},1,1,2,3,6,I,"",1,
{"R",1:9a6794b86ded43b411e92f6ed7b625ce},"Александров Александр Александрович"},
{20190213120753,C,
{24337b9504890,49ea},1,1,2,3,7,I,"",0,
{"U"},""},
{20190213120842,C,
{24337b957c2a0,4b29},1,1,2,3,5,I,"",0,
{"U"},""},
{20190213120842,U,
{24337b957c2a0,4b29},1,1,2,3,6,I,"",4,
{"R",103:9a6794b86ded43b411e92f6ed7b625cf},"Увольнение 000000003 от 13.02.2019 12:08:42"},
{20190213120842,U,
{24337b957c2a0,4b29},1,1,2,3,8,I,"",4,
{"R",103:9a6794b86ded43b411e92f6ed7b625cf},"Увольнение 000000003 от 13.02.2019 12:08:42"},
{20190213120842,C,
{24337b957c2a0,4b29},1,1,2,3,7,I,"",0,
{"U"},""},
{20190213120930,C,
{24337b95f15a0,4d01},1,1,2,3,5,I,"",0,
{"U"},""},
{20190213120930,U,
{24337b95f15a0,4d01},1,1,2,3,10,I,"",5,
{"R",103:9a6594b86ded43b411e929f68452c70f},""},
{20190213120930,U,
{24337b95f15a0,4d01},1,1,2,3,9,I,"",4,
{"R",103:9a6594b86ded43b411e929f68452c70f},"Увольнение 000000001 от 06.02.2019 13:05:54"},
{20190213120930,C,
{24337b95f15a0,4d01},1,1,2,3,7,I,"",0,
{"U"},""},
{20190213120936,N,
{0,0},1,1,2,3,4,I,"",0,
{"U"},""},
{20190213121942,N,
{0,0},1,1,1,1,2,I,"",0,
{"U"},""},
{20190213122145,N,
{0,0},1,1,1,1,2,I,"",0,
{"U"},""},
{20190213122220,N,
{0,0},1,1,1,1,3,I,"",0,
{"U"},""},
{20190213122221,N,
{0,0},1,1,2,4,1,I,"",0,
{"U"},""},
{20190213122303,N,
{0,0},1,1,2,4,4,I,"",0,
{"U"},""},
{20190213122508,N,
{0,0},1,1,1,1,2,I,"",0,
{"U"},""},
{20190213122512,N,
{0,0},1,1,1,1,3,I,"",0,
{"U"},""},
{20190213122513,N,
{0,0},1,1,2,5,1,I,"",0,
{"U"},""},
{20190213122533,N,
{0,0},1,1,2,5,4,I,"",0,
{"U"},""},
{20190213122600,N,
{0,0},1,1,1,1,2,I,"",0,
{"U"},""},
{20190213122604,N,
{0,0},1,1,1,1,3,I,"",0,
{"U"},""},
{20190213122605,N,
{0,0},1,1,2,6,1,I,"",0,
{"U"},""},
{20190213122621,N,
{0,0},1,1,2,6,4,I,"",0,
{"U"},""},
{20190213122639,N,
{0,0},1,1,1,1,2,I,"",0,
{"U"},""},
{20190213122645,N,
{0,0},1,1,1,1,2,I,"",0,
{"U"},""},
{20190213122648,N,
{0,0},1,1,1,1,3,I,"",0,
{"U"},""},
{20190213122649,N,
{0,0},1,1,2,7,1,I,"",0,
{"U"},""},
{20190213122703,N,
{0,0},1,1,2,7,4,I,"",0,
{"U"},""},
{20190213122733,N,
{0,0},1,1,1,1,2,I,"",0,
{"U"},""},
{20190213122738,N,
{0,0},1,1,1,1,3,I,"",0,
{"U"},""},
{20190213122739,N,
{0,0},1,1,2,8,1,I,"",0,
{"U"},""},
{20190213122753,N,
{0,0},1,1,2,8,4,I,"",0,
{"U"},""},
{20190213122910,N,
{0,0},1,1,1,1,2,I,"",0,
{"U"},""},
{20190213122910,N,
{0,0},1,1,1,1,3,I,"",0,
{"U"},""},
{20190213122911,N,
{0,0},1,1,2,9,1,I,"",0,
{"U"},""},
{20190213122934,N,
{0,0},1,1,2,9,4,I,"",0,
{"U"},""},
{20190213123020,N,
{0,0},1,1,1,1,2,I,"",0,
{"U"},""},
{20190213123023,N,
{0,0},1,1,1,1,3,I,"",0,
{"U"},""},
{20190213123024,N,
{0,0},1,1,2,10,1,I,"",0,
{"U"},""},
{20190213123041,N,
{0,0},1,1,2,10,4,I,"",0,
{"U"},""},
{20190213123055,N,
{0,0},1,1,1,1,2,I,"",0,
{"U"},""},
{20190213123058,N,
{0,0},1,1,1,1,3,I,"",0,
{"U"},""},
{20190213123059,N,
{0,0},1,1,2,11,1,I,"",0,
{"U"},""},
{20190213123253,C,
{24337ba352a50,5638},1,1,2,11,5,I,"",0,
{"U"},""},
{20190213123253,U,
{24337ba352a50,5638},1,1,2,11,6,I,"",1,
{"R",1:9a6794b86ded43b411e92f7255aa8731},"<>"},
{20190213123253,C,
{24337ba352a50,5638},1,1,2,11,7,I,"",0,
{"U"},""},
{20190213123258,C,
{24337ba35eda0,5738},1,1,2,11,5,I,"",0,
{"U"},""},
{20190213123258,U,
{24337ba35eda0,5738},1,1,2,11,9,I,"",1,
{"R",1:9a6794b86ded43b411e92f7255aa8731},"<>"},
{20190213123258,C,
{24337ba35eda0,5738},1,1,2,11,7,I,"",0,
{"U"},""},
{20190213123415,C,
{24337ba41ad70,5838},1,1,2,11,5,I,"",0,
{"U"},""},
{20190213123415,U,
{24337ba41ad70,5838},1,1,2,11,6,I,"",6,
{"R",28:9a6794b86ded43b411e92f7255aa8732},"Иванов Иван Иванович"},
{20190213123415,C,
{24337ba41ad70,5838},1,1,2,11,7,I,"",0,
{"U"},""},
{20190213123540,C,
{24337ba4ea5c0,595d},1,1,2,11,5,I,"",0,
{"U"},""},
{20190213123540,U,
{24337ba4ea5c0,595d},1,1,2,11,6,I,"",7,
{"R",104:9a6794b86ded43b411e92f7255aa8733},"Больничный лист 000000001 от 13.02.2019 12:35:40"},
{20190213123540,U,
{24337ba4ea5c0,595d},1,1,2,11,8,I,"",7,
{"R",104:9a6794b86ded43b411e92f7255aa8733},"Больничный лист 000000001 от 13.02.2019 12:35:40"},
{20190213123540,C,
{24337ba4ea5c0,595d},1,1,2,11,7,I,"",0,
{"U"},""},
{20190213123710,C,
{24337ba5c6160,5b4b},1,1,2,11,5,I,"",0,
{"U"},""},
{20190213123710,U,
{24337ba5c6160,5b4b},1,1,2,11,6,I,"",8,
{"R",33:9a6794b86ded43b411e92f7255aa8734},"Кадровое перемещение 000000001 от 13.02.2019 12:37:10"},
{20190213123710,U,
{24337ba5c6160,5b4b},1,1,2,11,8,I,"",8,
{"R",33:9a6794b86ded43b411e92f7255aa8734},"Кадровое перемещение 000000001 от 13.02.2019 12:37:10"},
{20190213123710,C,
{24337ba5c6160,5b4b},1,1,2,11,7,I,"",0,
{"U"},""},
{20190213123754,C,
{24337ba631820,5d4b},1,1,2,11,5,I,"",0,
{"U"},""},
{20190213123754,U,
{24337ba631820,5d4b},1,1,2,11,6,I,"",9,
{"R",34:9a6794b86ded43b411e92f7255aa8735},"Отпуск 000000001 от 13.02.2019 12:37:54"},
{20190213123754,U,
{24337ba631820,5d4b},1,1,2,11,8,I,"",9,
{"R",34:9a6794b86ded43b411e92f7255aa8735},"Отпуск 000000001 от 13.02.2019 12:37:54"},
{20190213123754,C,
{24337ba631820,5d4b},1,1,2,11,7,I,"",0,
{"U"},""},
{20190213124002,N,
{0,0},1,1,2,11,4,I,"",0,
{"U"},""},
{20190213124014,N,
{0,0},1,1,1,1,4,I,"",0,
{"U"},""},
{20190220120237,N,
{0,0},1,1,2,1,1,I,"",0,
{"U"},""},
{20190220120248,N,
{0,0},1,1,2,1,4,I,"",0,
{"U"},""}