1CV8LOG_
15cd2a6e-01d9-4997-8d4b-1cfb7e26c54b

{20190213124038,N,
{0,0},1,1,1,1,1,I,"",0,
{"U"},""},
{20190213124406,N,
{0,0},1,1,1,1,2,I,"",0,
{"U"},""},
{20190213124426,N,
{0,0},1,1,1,1,2,I,"",0,
{"U"},""},
{20190213124428,N,
{0,0},1,1,1,1,3,I,"Новый объект: Справочник.Пользователи",0,
{"U"},""},
{20190213124429,N,
{0,0},1,1,2,2,1,I,"",0,
{"U"},""},
{20190213124438,C,
{24337baa0bd60,195},1,1,2,2,4,I,"",0,
{"U"},""},
{20190213124438,U,
{24337baa0bd60,195},1,1,2,2,5,I,"",1,
{"R",1:9a6794b86ded43b411e92f73fa15403f},"<>"},
{20190213124438,C,
{24337baa0bd60,195},1,1,2,2,6,I,"",0,
{"U"},""},
{20190213124503,C,
{24337baa48df0,28f},1,1,2,2,4,I,"",0,
{"U"},""},
{20190213124503,U,
{24337baa48df0,28f},1,1,2,2,7,I,"",1,
{"R",1:9a6794b86ded43b411e92f73fa15403f},"<>"},
{20190213124503,C,
{24337baa48df0,28f},1,1,2,2,6,I,"",0,
{"U"},""},
{20190213124516,N,
{0,0},1,1,2,2,8,I,"",0,
{"U"},""},
{20190213124614,N,
{0,0},1,1,1,1,2,I,"",0,
{"U"},""},
{20190213124831,N,
{0,0},1,1,1,1,2,I,"",0,
{"U"},""},
{20190213125449,N,
{0,0},1,1,1,1,2,I,"",0,
{"U"},""},
{20190213125557,N,
{0,0},1,1,1,1,2,I,"",0,
{"U"},""},
{20190213125753,N,
{0,0},1,1,1,1,2,I,"",0,
{"U"},""},
{20190213125821,N,
{0,0},1,1,1,1,2,I,"",0,
{"U"},""},
{20190213125956,N,
{0,0},1,1,1,1,2,I,"",0,
{"U"},""},
{20190213130331,N,
{0,0},1,1,1,1,2,I,"",0,
{"U"},""},
{20190213130434,N,
{0,0},1,1,1,1,2,I,"",0,
{"U"},""},
{20190213130500,N,
{0,0},1,1,1,1,2,I,"",0,
{"U"},""},
{20190213130544,N,
{0,0},1,1,1,1,2,I,"",0,
{"U"},""},
{20190213130550,N,
{0,0},1,1,1,1,2,I,"",0,
{"U"},""},
{20190213130558,N,
{0,0},1,1,1,1,2,I,"",0,
{"U"},""},
{20190213130637,N,
{0,0},1,1,1,1,2,I,"",0,
{"U"},""},
{20190213130754,N,
{0,0},1,1,1,1,2,I,"",0,
{"U"},""},
{20190213130759,N,
{0,0},1,1,1,1,2,I,"",0,
{"U"},""},
{20190213130834,N,
{0,0},1,1,1,1,2,I,"",0,
{"U"},""},
{20190213130937,N,
{0,0},1,1,1,1,2,I,"",0,
{"U"},""},
{20190213131145,N,
{0,0},1,1,1,1,2,I,"",0,
{"U"},""},
{20190213131255,N,
{0,0},1,1,1,1,2,I,"",0,
{"U"},""},
{20190213131637,N,
{0,0},1,1,1,1,2,I,"",0,
{"U"},""},
{20190213131729,N,
{0,0},1,1,1,1,2,I,"",0,
{"U"},""},
{20190213131821,N,
{0,0},1,1,1,1,2,I,"",0,
{"U"},""},
{20190213131825,N,
{0,0},1,1,1,1,3,I,"Новый объект: Справочник.ЧёрныйСписок
Новый объект: Документ.Письмо
Новый объект: Документ.Сообщение
Новый объект: ЖурналДокументов.Письма
Новый объект: ЖурналДокументов.Чат",0,
{"U"},""},
{20190213131826,N,
{0,0},1,1,2,3,1,I,"",0,
{"U"},""},
{20190213131852,C,
{24337bbda27c0,a99},1,1,2,3,4,I,"",0,
{"U"},""},
{20190213131852,U,
{24337bbda27c0,a99},1,1,2,3,5,I,"",1,
{"R",1:9a6794b86ded43b411e92f78c2a87358},"<>"},
{20190213131852,C,
{24337bbda27c0,a99},1,1,2,3,6,I,"",0,
{"U"},""},
{20190213131918,C,
{24337bbde1f60,b93},1,1,2,3,4,I,"",0,
{"U"},""},
{20190213131918,U,
{24337bbde1f60,b93},1,1,2,3,5,I,"",1,
{"R",1:9a6794b86ded43b411e92f78c2a87359},"<>"},
{20190213131918,C,
{24337bbde1f60,b93},1,1,2,3,6,I,"",0,
{"U"},""},
{20190213131935,C,
{24337bbe0b770,c8d},1,1,2,3,4,I,"",0,
{"U"},""},
{20190213131935,U,
{24337bbe0b770,c8d},1,1,2,3,5,I,"",2,
{"R",7:9a6794b86ded43b411e92f78c2a8735a},"<>"},
{20190213131935,C,
{24337bbe0b770,c8d},1,1,2,3,6,I,"",0,
{"U"},""},
{20190213131941,C,
{24337bbe1a1d0,d87},1,1,2,3,4,I,"",0,
{"U"},""},
{20190213131941,U,
{24337bbe1a1d0,d87},1,1,2,3,7,I,"",2,
{"R",7:9a6794b86ded43b411e92f78c2a8735a},"<>"},
{20190213131941,C,
{24337bbe1a1d0,d87},1,1,2,3,6,I,"",0,
{"U"},""},
{20190213131954,C,
{24337bbe39da0,e81},1,1,2,3,4,I,"",0,
{"U"},""},
{20190213131954,U,
{24337bbe39da0,e81},1,1,2,3,7,I,"",2,
{"R",7:9a6794b86ded43b411e92f78c2a8735a},"Александр"},
{20190213131954,C,
{24337bbe39da0,e81},1,1,2,3,6,I,"",0,
{"U"},""},
{20190213132016,N,
{0,0},1,1,2,3,8,I,"",0,
{"U"},""},
{20190213132110,N,
{0,0},1,1,1,1,2,I,"",0,
{"U"},""},
{20190213132116,N,
{0,0},1,1,1,1,3,I,"",0,
{"U"},""},
{20190213132117,N,
{0,0},1,1,2,4,1,I,"",0,
{"U"},""},
{20190213132126,C,
{24337bbf1a760,106f},1,1,2,4,4,I,"",0,
{"U"},""},
{20190213132126,U,
{24337bbf1a760,106f},1,1,2,4,9,I,"",1,
{"R",1:9a6794b86ded43b411e92f73fa15403f},"<>"},
{20190213132126,C,
{24337bbf1a760,106f},1,1,2,4,6,I,"",0,
{"U"},""},
{20190213132129,C,
{24337bbf21c90,116c},1,1,2,4,4,I,"",0,
{"U"},""},
{20190213132129,U,
{24337bbf21c90,116c},1,1,2,4,9,I,"",1,
{"R",1:9a6794b86ded43b411e92f78c2a87358},"<>"},
{20190213132129,C,
{24337bbf21c90,116c},1,1,2,4,6,I,"",0,
{"U"},""},
{20190213132130,C,
{24337bbf243a0,1269},1,1,2,4,4,I,"",0,
{"U"},""},
{20190213132130,U,
{24337bbf243a0,1269},1,1,2,4,9,I,"",1,
{"R",1:9a6794b86ded43b411e92f78c2a87359},"<>"},
{20190213132130,C,
{24337bbf243a0,1269},1,1,2,4,6,I,"",0,
{"U"},""},
{20190213132145,N,
{0,0},1,1,2,4,8,I,"",0,
{"U"},""},
{20190213132153,N,
{0,0},1,1,1,1,2,I,"",0,
{"U"},""},
{20190213132156,N,
{0,0},1,1,1,1,3,I,"Объект изменен: Справочник.Пользователи",0,
{"U"},""},
{20190213132157,N,
{0,0},1,1,2,5,1,I,"",0,
{"U"},""},
{20190213132221,C,
{24337bbfa0bd0,1494},1,1,2,5,4,I,"",0,
{"U"},""},
{20190213132221,U,
{24337bbfa0bd0,1494},1,1,2,5,5,I,"",1,
{"R",1:9a6794b86ded43b411e92f793eed8856},"Иван"},
{20190213132221,C,
{24337bbfa0bd0,1494},1,1,2,5,6,I,"",0,
{"U"},""},
{20190213132235,C,
{24337bbfc2eb0,1597},1,1,2,5,4,I,"",0,
{"U"},""},
{20190213132235,U,
{24337bbfc2eb0,1597},1,1,2,5,5,I,"",1,
{"R",1:9a6794b86ded43b411e92f793eed8857},"Александр"},
{20190213132235,C,
{24337bbfc2eb0,1597},1,1,2,5,6,I,"",0,
{"U"},""},
{20190213132253,C,
{24337bbfeedd0,16a4},1,1,2,5,4,I,"",0,
{"U"},""},
{20190213132253,U,
{24337bbfeedd0,16a4},1,1,2,5,5,I,"",1,
{"R",1:9a6794b86ded43b411e92f793eed8858},"Сергей"},
{20190213132253,C,
{24337bbfeedd0,16a4},1,1,2,5,6,I,"",0,
{"U"},""},
{20190213132300,C,
{24337bbffff40,17ab},1,1,2,5,4,I,"",0,
{"U"},""},
{20190213132300,U,
{24337bbffff40,17ab},1,1,2,5,9,I,"",2,
{"R",7:9a6794b86ded43b411e92f78c2a8735a},"Александр"},
{20190213132300,C,
{24337bbffff40,17ab},1,1,2,5,6,I,"",0,
{"U"},""},
{20190213132304,N,
{0,0},1,1,2,5,8,I,"",0,
{"U"},""},
{20190213132341,N,
{0,0},1,1,1,1,2,I,"",0,
{"U"},""},
{20190213132342,N,
{0,0},1,1,1,1,3,I,"Объект изменен: Справочник.ЧёрныйСписок",0,
{"U"},""},
{20190213132343,N,
{0,0},1,1,2,6,1,I,"",0,
{"U"},""},
{20190213132352,C,
{24337bc07ee80,19e6},1,1,2,6,4,I,"",0,
{"U"},""},
{20190213132352,U,
{24337bc07ee80,19e6},1,1,2,6,5,I,"",2,
{"R",7:9a6794b86ded43b411e92f79756bd89d},"<>"},
{20190213132352,C,
{24337bc07ee80,19e6},1,1,2,6,6,I,"",0,
{"U"},""},
{20190213132357,N,
{0,0},1,1,2,6,8,I,"",0,
{"U"},""},
{20190213132413,N,
{0,0},1,1,1,1,8,I,"",0,
{"U"},""},
{20190213132417,N,
{0,0},1,1,2,1,1,I,"",0,
{"U"},""},
{20190213132426,N,
{0,0},1,1,2,1,8,I,"",0,
{"U"},""},
{20190213132430,N,
{0,0},1,1,1,1,1,I,"",0,
{"U"},""},
{20190213132444,N,
{0,0},1,1,1,1,2,I,"",0,
{"U"},""},
{20190213132459,N,
{0,0},1,1,1,1,2,I,"",0,
{"U"},""},
{20190213132503,N,
{0,0},1,1,1,1,3,I,"Объект изменен: Справочник.ЧёрныйСписок",0,
{"U"},""},
{20190213132504,N,
{0,0},1,1,2,2,1,I,"",0,
{"U"},""},
{20190213132511,C,
{24337bc13fc70,1d2e},1,1,2,2,4,I,"",0,
{"U"},""},
{20190213132511,U,
{24337bc13fc70,1d2e},1,1,2,2,9,I,"",2,
{"R",7:9a6794b86ded43b411e92f79756bd89d},"<>"},
{20190213132511,C,
{24337bc13fc70,1d2e},1,1,2,2,6,I,"",0,
{"U"},""},
{20190213132519,C,
{24337bc1534f0,1e2b},1,1,2,2,4,I,"",0,
{"U"},""},
{20190213132519,U,
{24337bc1534f0,1e2b},1,1,2,2,5,I,"",2,
{"R",7:9a6794b86ded43b411e92f79a94aaa2d},"Первый"},
{20190213132519,C,
{24337bc1534f0,1e2b},1,1,2,2,6,I,"",0,
{"U"},""},
{20190213132636,C,
{24337bc20f4c0,1f32},1,1,2,2,4,I,"",0,
{"U"},""},
{20190213132636,U,
{24337bc20f4c0,1f32},1,1,2,2,5,I,"",3,
{"R",8:9a6794b86ded43b411e92f79a94aaa2e},"Письмо 000000001 от 13.02.2019 13:26:36"},
{20190213132636,C,
{24337bc20f4c0,1f32},1,1,2,2,6,I,"",0,
{"U"},""},
{20190213132643,N,
{0,0},1,1,2,2,8,I,"",0,
{"U"},""},
{20190213132646,N,
{0,0},1,1,1,1,8,I,"",0,
{"U"},""},
{20190220115900,N,
{0,0},1,1,1,1,1,I,"",0,
{"U"},""},
{20190220120155,N,
{0,0},1,1,1,1,8,I,"",0,
{"U"},""},
{20190220120443,N,
{0,0},1,1,1,1,1,I,"",0,
{"U"},""},
{20190220120518,N,
{0,0},1,1,2,2,1,I,"",0,
{"U"},""},
{20190220121000,N,
{0,0},1,1,2,2,8,I,"",0,
{"U"},""},
{20190220121218,N,
{0,0},1,1,2,3,1,I,"",0,
{"U"},""},
{20190220121455,N,
{0,0},1,1,2,3,8,I,"",0,
{"U"},""},
{20190220121458,N,
{0,0},1,1,1,1,8,I,"",0,
{"U"},""},
{20190220121909,N,
{0,0},1,1,2,1,1,I,"",0,
{"U"},""},
{20190220122037,C,
{2433922420450,22cf},1,1,2,1,4,I,"",0,
{"U"},""},
{20190220122037,U,
{2433922420450,22cf},1,1,2,1,5,I,"",4,
{"R",9:9a6a94b86ded43b411e934f0c8028cae},"Сообщение 000000001 от 20.02.2019 12:20:37"},
{20190220122037,U,
{2433922420450,22cf},1,1,2,1,10,I,"",4,
{"R",9:9a6a94b86ded43b411e934f0c8028cae},"Сообщение 000000001 от 20.02.2019 12:20:37"},
{20190220122037,C,
{2433922420450,22cf},1,1,2,1,6,I,"",0,
{"U"},""},
{20190220122042,N,
{0,0},1,1,2,1,8,I,"",0,
{"U"},""}