1CV8LOG_
41382e56-3341-46f7-9b1b-8ecbc2a5a2a0

{20190220122224,N,
{0,0},1,1,1,1,1,I,"",0,
{"U"},""},
{20190220122606,N,
{0,0},1,1,1,1,2,I,"",0,
{"U"},""},
{20190220122646,N,
{0,0},1,1,1,1,2,I,"",0,
{"U"},""},
{20190220122647,N,
{0,0},1,1,1,1,3,I,"",0,
{"U"},""},
{20190220123006,N,
{0,0},1,1,1,1,1,I,"",0,
{"U"},""},
{20190220123247,N,
{0,0},1,1,1,1,2,I,"",0,
{"U"},""},
{20190220123412,N,
{0,0},1,1,1,1,2,I,"",0,
{"U"},""},
{20190220123855,N,
{0,0},1,1,1,1,2,I,"",0,
{"U"},""},
{20190220123903,N,
{0,0},1,1,1,1,4,I,"Новый объект: Справочник.Произведения
Новый объект: Справочник.Книги
Новый объект: Справочник.ЖанрКниги
Новый объект: Перечисление.СтатусКниги
Новый объект: Перечисление.ДаНет
Новый объект: Константа.МаксКолВоПредупреждений
Новый объект: Константа.МаксКолВоКнигНаРуках
Новый объект: Константа.МаксКолВоДнейБлокировки
Новый объект: Константа.КолВоДнейДляВыдачи",0,
{"U"},""},
{20190220123904,N,
{0,0},1,1,2,2,1,I,"",0,
{"U"},""},
{20190220123935,C,
{2433922efa970,516},1,1,2,2,5,I,"",0,
{"U"},""},
{20190220123935,U,
{2433922efa970,516},1,1,2,2,6,I,"",1,
{"R",3:9a6b94b86ded43b411e934f36e5bea1a},"Научная фантастика"},
{20190220123935,C,
{2433922efa970,516},1,1,2,2,7,I,"",0,
{"U"},""},
{20190220123944,C,
{2433922f10900,631},1,1,2,2,5,I,"",0,
{"U"},""},
{20190220123944,U,
{2433922f10900,631},1,1,2,2,6,I,"",1,
{"R",3:9a6b94b86ded43b411e934f36e5bea1b},"Биоргафия"},
{20190220123944,C,
{2433922f10900,631},1,1,2,2,7,I,"",0,
{"U"},""},
{20190220123953,C,
{2433922f26890,73b},1,1,2,2,5,I,"",0,
{"U"},""},
{20190220123953,U,
{2433922f26890,73b},1,1,2,2,6,I,"",1,
{"R",3:9a6b94b86ded43b411e934f36e5bea1c},"Детектив"},
{20190220123953,C,
{2433922f26890,73b},1,1,2,2,7,I,"",0,
{"U"},""},
{20190220123957,C,
{2433922f304d0,843},1,1,2,2,5,I,"",0,
{"U"},""},
{20190220123957,U,
{2433922f304d0,843},1,1,2,2,6,I,"",1,
{"R",3:9a6b94b86ded43b411e934f36e5bea1d},"Роман"},
{20190220123957,C,
{2433922f304d0,843},1,1,2,2,7,I,"",0,
{"U"},""},
{20190220124003,N,
{0,0},1,1,2,2,3,I,"",0,
{"U"},""},
{20190220124323,N,
{0,0},1,1,1,1,2,I,"",0,
{"U"},""},
{20190220124416,N,
{0,0},1,1,1,1,2,I,"",0,
{"U"},""},
{20190220124452,N,
{0,0},1,1,1,1,2,I,"",0,
{"U"},""},
{20190220124839,N,
{0,0},1,1,1,1,2,I,"",0,
{"U"},""},
{20190220125206,N,
{0,0},1,1,1,1,2,I,"",0,
{"U"},""},
{20190220125239,N,
{0,0},1,1,1,1,2,I,"",0,
{"U"},""},
{20190220125908,N,
{0,0},1,1,1,1,2,I,"",0,
{"U"},""},
{20190220130312,N,
{0,0},1,1,1,1,2,I,"",0,
{"U"},""},
{20190220130511,N,
{0,0},1,1,1,1,2,I,"",0,
{"U"},""},
{20190220131037,N,
{0,0},1,1,1,1,2,I,"",0,
{"U"},""},
{20190220131042,N,
{0,0},1,1,1,1,2,I,"",0,
{"U"},""},
{20190220131428,N,
{0,0},1,1,1,1,2,I,"",0,
{"U"},""},
{20190220131931,N,
{0,0},1,1,1,1,2,I,"",0,
{"U"},""},
{20190220131949,N,
{0,0},1,1,1,1,2,I,"",0,
{"U"},""},
{20190220131959,N,
{0,0},1,1,1,1,2,I,"",0,
{"U"},""},
{20190220132014,N,
{0,0},1,1,1,1,2,I,"",0,
{"U"},""},
{20190220132225,N,
{0,0},1,1,1,1,2,I,"",0,
{"U"},""},
{20190220132528,N,
{0,0},1,1,1,1,3,I,"",0,
{"U"},""},
{20190227115833,N,
{0,0},1,1,1,1,1,I,"",0,
{"U"},""},
{20190227120758,N,
{0,0},1,1,1,1,2,I,"",0,
{"U"},""},
{20190227121032,N,
{0,0},1,1,1,1,2,I,"",0,
{"U"},""},
{20190227121039,N,
{0,0},1,1,1,1,4,I,"Новый объект: Справочник.Авторы
Новый объект: Справочник.Читатели
Новый объект: Документ.ВыдачаКниги
Новый объект: Документ.ВозвратКниги
Новый объект: Документ.ПотеряКниги
Объект изменен: Справочник.Произведения
Объект изменен: Справочник.Книги",0,
{"U"},""},
{20190227121040,N,
{0,0},1,1,2,2,1,I,"",0,
{"U"},""},
{20190227121119,C,
{2433a8a6a0770,1069},1,1,2,2,5,I,"",0,
{"U"},""},
{20190227121119,U,
{2433a8a6a0770,1069},1,1,2,2,6,I,"",2,
{"R",22:9a7794b86ded43b411e93a6fa4317e5c},"Петров Петр Петрович"},
{20190227121119,C,
{2433a8a6a0770,1069},1,1,2,2,7,I,"",0,
{"U"},""},
{20190227121134,C,
{2433a8a6c5160,118b},1,1,2,2,5,I,"",0,
{"U"},""},
{20190227121134,U,
{2433a8a6c5160,118b},1,1,2,2,6,I,"",2,
{"R",22:9a7794b86ded43b411e93a6fa4317e5d},"Сидоров Сидор Сидорович"},
{20190227121134,C,
{2433a8a6c5160,118b},1,1,2,2,7,I,"",0,
{"U"},""},
{20190227121154,C,
{2433a8a6f5ea0,12b3},1,1,2,2,5,I,"",0,
{"U"},""},
{20190227121154,U,
{2433a8a6f5ea0,12b3},1,1,2,2,6,I,"",2,
{"R",22:9a7794b86ded43b411e93a6fa4317e5e},"Иванов Иван Иванович"},
{20190227121154,C,
{2433a8a6f5ea0,12b3},1,1,2,2,7,I,"",0,
{"U"},""},
{20190227121234,C,
{2433a8a757920,13d5},1,1,2,2,5,I,"",0,
{"U"},""},
{20190227121234,U,
{2433a8a757920,13d5},1,1,2,2,6,I,"",3,
{"R",21:9a7794b86ded43b411e93a6fa4317e5f},"Сергей Антон Сергеевич"},
{20190227121234,C,
{2433a8a757920,13d5},1,1,2,2,7,I,"",0,
{"U"},""},
{20190227121248,C,
{2433a8a779c00,14fb},1,1,2,2,5,I,"",0,
{"U"},""},
{20190227121248,U,
{2433a8a779c00,14fb},1,1,2,2,6,I,"",3,
{"R",21:9a7794b86ded43b411e93a6fa4317e60},"Александр Павел Иванович"},
{20190227121248,C,
{2433a8a779c00,14fb},1,1,2,2,7,I,"",0,
{"U"},""},
{20190227121352,C,
{2433a8a816000,1625},1,1,2,2,5,I,"",0,
{"U"},""},
{20190227121352,U,
{2433a8a816000,1625},1,1,2,2,6,I,"",4,
{"R",1:9a7794b86ded43b411e93a6fa4317e61},"Красная сталь"},
{20190227121352,C,
{2433a8a816000,1625},1,1,2,2,7,I,"",0,
{"U"},""},
{20190227121419,C,
{2433a8a857eb0,1739},1,1,2,2,5,I,"",0,
{"U"},""},
{20190227121419,U,
{2433a8a857eb0,1739},1,1,2,2,6,I,"",4,
{"R",1:9a7794b86ded43b411e93a6fa4317e62},"Выход"},
{20190227121419,C,
{2433a8a857eb0,1739},1,1,2,2,7,I,"",0,
{"U"},""},
{20190227121535,C,
{2433a8a911770,183e},1,1,2,2,5,I,"",0,
{"U"},""},
{20190227121535,U,
{2433a8a911770,183e},1,1,2,2,6,I,"",5,
{"R",2:9a7794b86ded43b411e93a6fa4317e63},"Собрание романов"},
{20190227121535,C,
{2433a8a911770,183e},1,1,2,2,7,I,"",0,
{"U"},""},
{20190227121609,C,
{2433a8a964790,1958},1,1,2,2,5,I,"",0,
{"U"},""},
{20190227121609,U,
{2433a8a964790,1958},1,1,2,2,6,I,"",5,
{"R",2:9a7794b86ded43b411e93a6fa4317e64},"Ход"},
{20190227121609,C,
{2433a8a964790,1958},1,1,2,2,7,I,"",0,
{"U"},""},
{20190227121654,C,
{2433a8a9d2560,1a59},1,1,2,2,5,I,"",0,
{"U"},""},
{20190227121654,U,
{2433a8a9d2560,1a59},1,1,2,2,6,I,"",6,
{"R",19:9a7794b86ded43b411e93a6fa4317e65},"Возврат книги 000000002 от 27.02.2019 12:16:54"},
{20190227121654,U,
{2433a8a9d2560,1a59},1,1,2,2,8,I,"",6,
{"R",19:9a7794b86ded43b411e93a6fa4317e65},"Возврат книги 000000002 от 27.02.2019 12:16:54"},
{20190227121654,C,
{2433a8a9d2560,1a59},1,1,2,2,7,I,"",0,
{"U"},""},
{20190227121715,C,
{2433a8aa059b0,1c39},1,1,2,2,5,I,"",0,
{"U"},""},
{20190227121715,U,
{2433a8aa059b0,1c39},1,1,2,2,6,I,"",6,
{"R",19:9a7794b86ded43b411e93a6fa4317e66},"Возврат книги 000000003 от 27.02.2019 12:17:15"},
{20190227121715,U,
{2433a8aa059b0,1c39},1,1,2,2,8,I,"",6,
{"R",19:9a7794b86ded43b411e93a6fa4317e66},"Возврат книги 000000003 от 27.02.2019 12:17:15"},
{20190227121715,C,
{2433a8aa059b0,1c39},1,1,2,2,7,I,"",0,
{"U"},""},
{20190227121759,C,
{2433a8aa71070,1e19},1,1,2,2,5,I,"",0,
{"U"},""},
{20190227121759,U,
{2433a8aa71070,1e19},1,1,2,2,6,I,"",7,
{"R",18:9a7794b86ded43b411e93a6fa4317e67},"Выдача книги 000000001 от 27.02.2019 12:17:59"},
{20190227121759,U,
{2433a8aa71070,1e19},1,1,2,2,8,I,"",7,
{"R",18:9a7794b86ded43b411e93a6fa4317e67},"Выдача книги 000000001 от 27.02.2019 12:17:59"},
{20190227121759,C,
{2433a8aa71070,1e19},1,1,2,2,7,I,"",0,
{"U"},""},
{20190227121850,C,
{2433a8aaed8a0,1ff5},1,1,2,2,5,I,"",0,
{"U"},""},
{20190227121850,U,
{2433a8aaed8a0,1ff5},1,1,2,2,6,I,"",8,
{"R",20:9a7794b86ded43b411e93a6fa4317e68},"Потеря книги 000000001 от 27.02.2019 12:18:50"},
{20190227121850,U,
{2433a8aaed8a0,1ff5},1,1,2,2,8,I,"",8,
{"R",20:9a7794b86ded43b411e93a6fa4317e68},"Потеря книги 000000001 от 27.02.2019 12:18:50"},
{20190227121850,C,
{2433a8aaed8a0,1ff5},1,1,2,2,7,I,"",0,
{"U"},""},
{20190227121922,N,
{0,0},1,1,2,2,3,I,"",0,
{"U"},""},
{20190227122124,N,
{0,0},1,1,1,1,2,I,"",0,
{"U"},""},
{20190227122211,N,
{0,0},1,1,1,1,2,I,"",0,
{"U"},""},
{20190227122504,N,
{0,0},1,1,1,1,2,I,"",0,
{"U"},""},
{20190227122940,N,
{0,0},1,1,1,1,2,I,"",0,
{"U"},""},
{20190227122953,N,
{0,0},1,1,1,1,4,I,"Новый объект: Документ.ПродлениеКниги",0,
{"U"},""},
{20190227122954,N,
{0,0},1,1,2,3,1,I,"",0,
{"U"},""},
{20190227123025,C,
{2433a8b18e510,23a6},1,1,2,3,5,I,"",0,
{"U"},""},
{20190227123025,U,
{2433a8b18e510,23a6},1,1,2,3,6,I,"",9,
{"R",43:9a7794b86ded43b411e93a724f3d8d36},"Продление книги 000000001 от 27.02.2019 12:30:25"},
{20190227123025,U,
{2433a8b18e510,23a6},1,1,2,3,8,I,"",9,
{"R",43:9a7794b86ded43b411e93a724f3d8d36},"Продление книги 000000001 от 27.02.2019 12:30:25"},
{20190227123025,C,
{2433a8b18e510,23a6},1,1,2,3,7,I,"",0,
{"U"},""},
{20190227123027,N,
{0,0},1,1,2,3,3,I,"",0,
{"U"},""},
{20190227123120,N,
{0,0},1,1,1,1,2,I,"",0,
{"U"},""},
{20190227123140,N,
{0,0},1,1,1,1,4,I,"Объект изменен: Документ.ПродлениеКниги",0,
{"U"},""},
{20190227123141,N,
{0,0},1,1,2,4,1,I,"",0,
{"U"},""},
{20190227123213,C,
{2433a8b295fd0,26bc},1,1,2,4,5,I,"",0,
{"U"},""},
{20190227123213,U,
{2433a8b295fd0,26bc},1,1,2,4,9,I,"",9,
{"R",43:9a7794b86ded43b411e93a724f3d8d36},"Продление книги 000000001 от 27.02.2019 12:32:13"},
{20190227123213,U,
{2433a8b295fd0,26bc},1,1,2,4,8,I,"",9,
{"R",43:9a7794b86ded43b411e93a724f3d8d36},"Продление книги 000000001 от 27.02.2019 12:32:13"},
{20190227123213,C,
{2433a8b295fd0,26bc},1,1,2,4,7,I,"",0,
{"U"},""},
{20190227123234,N,
{0,0},1,1,2,4,3,I,"",0,
{"U"},""},
{20190227123533,N,
{0,0},1,1,1,1,2,I,"",0,
{"U"},""},
{20190227123541,N,
{0,0},1,1,1,1,4,I,"",0,
{"U"},""},
{20190227123542,N,
{0,0},1,1,2,5,1,I,"",0,
{"U"},""},
{20190227123616,N,
{0,0},1,1,2,5,3,I,"",0,
{"U"},""},
{20190227123741,N,
{0,0},1,1,1,1,2,I,"",0,
{"U"},""},
{20190227123746,N,
{0,0},1,1,1,1,4,I,"",0,
{"U"},""},
{20190227123747,N,
{0,0},1,1,2,6,1,I,"",0,
{"U"},""},
{20190227123849,N,
{0,0},1,1,1,1,2,I,"",0,
{"U"},""},
{20190227123904,N,
{0,0},1,1,1,1,2,I,"",0,
{"U"},""},
{20190227123917,N,
{0,0},1,1,2,6,3,I,"",0,
{"U"},""},
{20190227123923,N,
{0,0},1,1,1,1,4,I,"",0,
{"U"},""},
{20190227123924,N,
{0,0},1,1,2,7,1,I,"",0,
{"U"},""},
{20190227123940,N,
{0,0},1,1,2,7,3,I,"",0,
{"U"},""},
{20190227123953,N,
{0,0},1,1,1,1,2,I,"",0,
{"U"},""},
{20190227123956,N,
{0,0},1,1,1,1,4,I,"",0,
{"U"},""},
{20190227123957,N,
{0,0},1,1,2,8,1,I,"",0,
{"U"},""},
{20190227124040,N,
{0,0},1,1,2,8,3,I,"",0,
{"U"},""},
{20190227124113,N,
{0,0},1,1,1,1,2,I,"",0,
{"U"},""},
{20190227124117,N,
{0,0},1,1,1,1,4,I,"",0,
{"U"},""},
{20190227124118,N,
{0,0},1,1,2,9,1,I,"",0,
{"U"},""},
{20190227124144,N,
{0,0},1,1,2,9,3,I,"",0,
{"U"},""},
{20190227124316,N,
{0,0},1,1,1,1,2,I,"",0,
{"U"},""},
{20190227124320,N,
{0,0},1,1,1,1,4,I,"",0,
{"U"},""},
{20190227124321,N,
{0,0},1,1,2,10,1,I,"",0,
{"U"},""},
{20190227124537,N,
{0,0},1,1,2,10,3,I,"",0,
{"U"},""},
{20190227124545,N,
{0,0},1,1,1,1,2,I,"",0,
{"U"},""},
{20190227124623,N,
{0,0},1,1,1,1,2,I,"",0,
{"U"},""},
{20190227124628,N,
{0,0},1,1,1,1,4,I,"",0,
{"U"},""},
{20190227124629,N,
{0,0},1,1,2,11,1,I,"",0,
{"U"},""},
{20190227124800,N,
{0,0},1,1,2,12,1,I,"",0,
{"U"},""},
{20190227124824,N,
{0,0},1,1,2,12,3,I,"",0,
{"U"},""},
{20190227125049,N,
{0,0},1,1,2,11,3,I,"",0,
{"U"},""},
{20190227125114,N,
{0,0},1,1,1,1,2,I,"",0,
{"U"},""},
{20190227125117,N,
{0,0},1,1,1,1,4,I,"",0,
{"U"},""},
{20190227125118,N,
{0,0},1,1,2,13,1,I,"",0,
{"U"},""},
{20190227125155,N,
{0,0},1,1,2,13,3,I,"",0,
{"U"},""},
{20190227125501,N,
{0,0},1,1,1,1,2,I,"",0,
{"U"},""},
{20190227125501,N,
{0,0},1,1,1,1,4,I,"",0,
{"U"},""},
{20190227125502,N,
{0,0},1,1,2,14,1,I,"",0,
{"U"},""},
{20190227125548,N,
{0,0},1,1,2,14,3,I,"",0,
{"U"},""},
{20190227125639,N,
{0,0},1,1,1,1,2,I,"",0,
{"U"},""},
{20190227125639,N,
{0,0},1,1,1,1,4,I,"",0,
{"U"},""},
{20190227125640,N,
{0,0},1,1,2,15,1,I,"",0,
{"U"},""},
{20190227125753,N,
{0,0},1,1,1,1,2,I,"",0,
{"U"},""},
{20190227125755,N,
{0,0},1,1,1,1,3,I,"",0,
{"U"},""},
{20190227125757,N,
{0,0},1,1,2,15,3,I,"",0,
{"U"},""},
{20190227130455,N,
{0,0},1,1,1,1,1,I,"",0,
{"U"},""},
{20190227130503,N,
{0,0},1,1,2,2,1,I,"",0,
{"U"},""},
{20190227130712,C,
{2433a8c69a800,3399},1,1,2,2,5,I,"",0,
{"U"},""},
{20190227130712,C,
{2433a8c69a800,3399},1,1,2,2,7,I,"",0,
{"U"},""},
{20190227130726,C,
{2433a8c6bcae0,3429},1,1,2,2,5,I,"",0,
{"U"},""},
{20190227130726,U,
{2433a8c6bcae0,3429},1,1,2,2,9,I,"",10,
{"U"},""},
{20190227130726,U,
{2433a8c6bcae0,3429},1,1,2,2,9,I,"",11,
{"U"},""},
{20190227130726,U,
{2433a8c6bcae0,3429},1,1,2,2,9,I,"",12,
{"U"},""},
{20190227130726,U,
{2433a8c6bcae0,3429},1,1,2,2,9,I,"",13,
{"U"},""},
{20190227130726,C,
{2433a8c6bcae0,3429},1,1,2,2,7,I,"",0,
{"U"},""},
{20190227130728,C,
{2433a8c6c1900,35dd},1,1,2,2,5,I,"",0,
{"U"},""},
{20190227130728,C,
{2433a8c6c1900,35dd},1,1,2,2,7,I,"",0,
{"U"},""},
{20190227130944,N,
{0,0},1,1,2,2,3,I,"",0,
{"U"},""},
{20190227130947,N,
{0,0},1,1,1,1,3,I,"",0,
{"U"},""}